<!DOCTYPE html PUBLIC "-//W3C//DTD XHTML 1.1//EN" "http://www.w3.org/TR/xhtml11/DTD/xhtml11.dtd">
<html xmlns="http://www.w3.org/1999/xhtml">
<head>
<meta http-equiv="content-type" content="text/html; charset=UTF-8"/>
<title>TestNG Report</title>
<style type="text/css">table {margin-bottom:10px;border-collapse:collapse;empty-cells:show}th,td {border:1px solid #009;padding:.25em .5em}th {vertical-align:bottom}td {vertical-align:top}table a {font-weight:bold}.stripe td {background-color: #E6EBF9}.num {text-align:right}.passedodd td {background-color: #3F3}.passedeven td {background-color: #0A0}.skippedodd td {background-color: #DDD}.skippedeven td {background-color: #CCC}.failedodd td,.attn {background-color: #F33}.failedeven td,.stripe .attn {background-color: #D00}.stacktrace {white-space:pre;font-family:monospace}.totop {font-size:85%;text-align:center;border-bottom:2px solid #000}.invisible {display:none}</style>
</head>
<body>
<table>
<tr><th>Test</th><th># Passed</th><th># Skipped</th><th># Failed</th><th>Time (ms)</th><th>Included Groups</th><th>Excluded Groups</th></tr>
<tr><th colspan="7">Functional Test Suite (0)</th></tr>
<tr><td><a href="#t0">QA Task Vinted</a></td><td class="num">11</td><td class="num">0</td><td class="num attn">2</td><td class="num">47,717</td><td></td><td></td></tr>
<tr><th colspan="7">Functional Test Suite</th></tr>
<tr class="stripe"><td><a href="#t1">QA Task Vinted</a></td><td class="num">11</td><td class="num">0</td><td class="num attn">2</td><td class="num">52,428</td><td></td><td></td></tr>
<tr><th>Total</th><th class="num">22</th><th class="num">0</th><th class="num attn">4</th><th class="num">100,145</th><th colspan="2"></th></tr>
</table>
<table id='summary'><thead><tr><th>Class</th><th>Method</th><th>Start</th><th>Time (ms)</th></tr></thead><tbody><tr><th colspan="4">Functional Test Suite (0)</th></tr></tbody><tbody id="t0"><tr><th colspan="4">QA Task Vinted &#8212; failed</th></tr><tr class="failedeven"><td rowspan="2">com.qa.qatask.testCASES.DashboardTest</td><td><a href="#m0">verify_isSortedByLowToHigh</a></td><td rowspan="1">1629126430394</td><td rowspan="1">5220</td></tr><tr class="failedeven"><td><a href="#m1">verify_itemsWithInpriceRangeData</a></td><td rowspan="1">1629126436427</td><td rowspan="1">5516</td></tr><tr><th colspan="4">QA Task Vinted &#8212; passed</th></tr><tr class="passedeven"><td rowspan="11">com.qa.qatask.testCASES.DashboardTest</td><td><a href="#m2">verify_Title</a></td><td rowspan="1">1629126408625</td><td rowspan="1">7</td></tr><tr class="passedeven"><td><a href="#m3">verify_acceptCookies</a></td><td rowspan="1">1629126408635</td><td rowspan="1">589</td></tr><tr class="passedeven"><td><a href="#m4">verify_clearFilter</a></td><td rowspan="1">1629126423551</td><td rowspan="1">5478</td></tr><tr class="passedeven"><td><a href="#m5">verify_clickNike</a></td><td rowspan="1">1629126409400</td><td rowspan="1">4106</td></tr><tr class="passedeven"><td><a href="#m6">verify_clickPrice</a></td><td rowspan="1">1629126435995</td><td rowspan="1">261</td></tr><tr class="passedeven"><td><a href="#m7">verify_closeportal</a></td><td rowspan="1">1629126407795</td><td rowspan="1">821</td></tr><tr class="passedeven"><td><a href="#m8">verify_isNikeTextPresent</a></td><td rowspan="1">1629126413509</td><td rowspan="1">693</td></tr><tr class="passedeven"><td><a href="#m9">verify_search</a></td><td rowspan="1">1629126409228</td><td rowspan="1">168</td></tr><tr class="passedeven"><td><a href="#m10">verify_selectPriceRange</a></td><td rowspan="1">1629126436263</td><td rowspan="1">162</td></tr><tr class="passedeven"><td><a href="#m11">verify_selectWomenShoes</a></td><td rowspan="1">1629126414206</td><td rowspan="1">9338</td></tr><tr class="passedeven"><td><a href="#m12">verify_sortByPriceClick</a></td><td rowspan="1">1629126429035</td><td rowspan="1">1355</td></tr></tbody>
<tbody><tr><th colspan="4">Functional Test Suite</th></tr></tbody><tbody id="t1"><tr><th colspan="4">QA Task Vinted &#8212; failed</th></tr><tr class="failedeven"><td rowspan="2">com.qa.qatask.testCASES.DashboardTest</td><td><a href="#m13">verify_isSortedByLowToHigh</a></td><td rowspan="1">1629126382875</td><td rowspan="1">5283</td></tr><tr class="failedeven"><td><a href="#m14">verify_itemsWithInpriceRangeData</a></td><td rowspan="1">1629126389357</td><td rowspan="1">5524</td></tr><tr><th colspan="4">QA Task Vinted &#8212; passed</th></tr><tr class="passedeven"><td rowspan="11">com.qa.qatask.testCASES.DashboardTest</td><td><a href="#m15">verify_Title</a></td><td rowspan="1">1629126362460</td><td rowspan="1">11</td></tr><tr class="passedeven"><td><a href="#m16">verify_acceptCookies</a></td><td rowspan="1">1629126362475</td><td rowspan="1">576</td></tr><tr class="passedeven"><td><a href="#m17">verify_clearFilter</a></td><td rowspan="1">1629126375643</td><td rowspan="1">5734</td></tr><tr class="passedeven"><td><a href="#m18">verify_clickNike</a></td><td rowspan="1">1629126363207</td><td rowspan="1">4153</td></tr><tr class="passedeven"><td><a href="#m19">verify_clickPrice</a></td><td rowspan="1">1629126388815</td><td rowspan="1">302</td></tr><tr class="passedeven"><td><a href="#m20">verify_closeportal</a></td><td rowspan="1">1629126361653</td><td rowspan="1">794</td></tr><tr class="passedeven"><td><a href="#m21">verify_isNikeTextPresent</a></td><td rowspan="1">1629126367365</td><td rowspan="1">1244</td></tr><tr class="passedeven"><td><a href="#m22">verify_search</a></td><td rowspan="1">1629126363055</td><td rowspan="1">148</td></tr><tr class="passedeven"><td><a href="#m23">verify_selectPriceRange</a></td><td rowspan="1">1629126389122</td><td rowspan="1">231</td></tr><tr class="passedeven"><td><a href="#m24">verify_selectWomenShoes</a></td><td rowspan="1">1629126368632</td><td rowspan="1">7004</td></tr><tr class="passedeven"><td><a href="#m25">verify_sortByPriceClick</a></td><td rowspan="1">1629126381381</td><td rowspan="1">1488</td></tr></tbody>
</table>
<h2>QA Task Vinted</h2><h3 id="m0">com.qa.qatask.testCASES.DashboardTest#verify_isSortedByLowToHigh</h3><table class="result"><tr><th>Exception</th></tr><tr><td><div class="stacktrace">java.lang.AssertionError: Not in ascending order
	at org.testng.Assert.fail(Assert.java:96)
	at com.qa.qatask.pages.Dashboard.isSortedByLowToHigh(Dashboard.java:232)
	at com.qa.qatask.testCASES.DashboardTest.verify_isSortedByLowToHigh(DashboardTest.java:118)
	at java.base/jdk.internal.reflect.NativeMethodAccessorImpl.invoke0(Native Method)
	at java.base/jdk.internal.reflect.NativeMethodAccessorImpl.invoke(NativeMethodAccessorImpl.java:78)
	at java.base/jdk.internal.reflect.DelegatingMethodAccessorImpl.invoke(DelegatingMethodAccessorImpl.java:43)
	at java.base/java.lang.reflect.Method.invoke(Method.java:567)
	at org.testng.internal.MethodInvocationHelper.invokeMethod(MethodInvocationHelper.java:124)
	at org.testng.internal.Invoker.invokeMethod(Invoker.java:583)
	at org.testng.internal.Invoker.invokeTestMethod(Invoker.java:719)
	at org.testng.internal.Invoker.invokeTestMethods(Invoker.java:989)
	at org.testng.internal.TestMethodWorker.invokeTestMethods(TestMethodWorker.java:125)
	at org.testng.internal.TestMethodWorker.run(TestMethodWorker.java:109)
	at org.testng.TestRunner.privateRun(TestRunner.java:648)
	at org.testng.TestRunner.run(TestRunner.java:505)
	at org.testng.SuiteRunner.runTest(SuiteRunner.java:455)
	at org.testng.SuiteRunner.runSequentially(SuiteRunner.java:450)
	at org.testng.SuiteRunner.privateRun(SuiteRunner.java:415)
	at org.testng.SuiteRunner.run(SuiteRunner.java:364)
	at org.testng.SuiteRunnerWorker.runSuite(SuiteRunnerWorker.java:52)
	at org.testng.SuiteRunnerWorker.run(SuiteRunnerWorker.java:84)
	at org.testng.TestNG.runSuitesSequentially(TestNG.java:1208)
	at org.testng.TestNG.runSuitesLocally(TestNG.java:1137)
	at org.testng.TestNG.runSuites(TestNG.java:1049)
	at org.testng.TestNG.run(TestNG.java:1017)
	at org.apache.maven.surefire.testng.TestNGExecutor.run(TestNGExecutor.java:283)
	at org.apache.maven.surefire.testng.TestNGXmlTestSuite.execute(TestNGXmlTestSuite.java:75)
	at org.apache.maven.surefire.testng.TestNGProvider.invoke(TestNGProvider.java:120)
	at org.apache.maven.surefire.booter.ForkedBooter.invokeProviderInSameClassLoader(ForkedBooter.java:384)
	at org.apache.maven.surefire.booter.ForkedBooter.runSuitesInProcess(ForkedBooter.java:345)
	at org.apache.maven.surefire.booter.ForkedBooter.execute(ForkedBooter.java:126)
	at org.apache.maven.surefire.booter.ForkedBooter.main(ForkedBooter.java:418)
</div></td></tr></table><p class="totop"><a href="#summary">back to summary</a></p>
<h3 id="m1">com.qa.qatask.testCASES.DashboardTest#verify_itemsWithInpriceRangeData</h3><table class="result"><tr><th>Exception</th></tr><tr><td><div class="stacktrace">java.lang.AssertionError: expected [true] but found [false]
	at org.testng.Assert.fail(Assert.java:96)
	at org.testng.Assert.failNotEquals(Assert.java:776)
	at org.testng.Assert.assertTrue(Assert.java:44)
	at org.testng.Assert.assertTrue(Assert.java:54)
	at com.qa.qatask.testCASES.DashboardTest.verify_itemsWithInpriceRangeData(DashboardTest.java:140)
	at java.base/jdk.internal.reflect.NativeMethodAccessorImpl.invoke0(Native Method)
	at java.base/jdk.internal.reflect.NativeMethodAccessorImpl.invoke(NativeMethodAccessorImpl.java:78)
	at java.base/jdk.internal.reflect.DelegatingMethodAccessorImpl.invoke(DelegatingMethodAccessorImpl.java:43)
	at java.base/java.lang.reflect.Method.invoke(Method.java:567)
	at org.testng.internal.MethodInvocationHelper.invokeMethod(MethodInvocationHelper.java:124)
	at org.testng.internal.Invoker.invokeMethod(Invoker.java:583)
	at org.testng.internal.Invoker.invokeTestMethod(Invoker.java:719)
	at org.testng.internal.Invoker.invokeTestMethods(Invoker.java:989)
	at org.testng.internal.TestMethodWorker.invokeTestMethods(TestMethodWorker.java:125)
	at org.testng.internal.TestMethodWorker.run(TestMethodWorker.java:109)
	at org.testng.TestRunner.privateRun(TestRunner.java:648)
	at org.testng.TestRunner.run(TestRunner.java:505)
	at org.testng.SuiteRunner.runTest(SuiteRunner.java:455)
	at org.testng.SuiteRunner.runSequentially(SuiteRunner.java:450)
	at org.testng.SuiteRunner.privateRun(SuiteRunner.java:415)
	at org.testng.SuiteRunner.run(SuiteRunner.java:364)
	at org.testng.SuiteRunnerWorker.runSuite(SuiteRunnerWorker.java:52)
	at org.testng.SuiteRunnerWorker.run(SuiteRunnerWorker.java:84)
	at org.testng.TestNG.runSuitesSequentially(TestNG.java:1208)
	at org.testng.TestNG.runSuitesLocally(TestNG.java:1137)
	at org.testng.TestNG.runSuites(TestNG.java:1049)
	at org.testng.TestNG.run(TestNG.java:1017)
	at org.apache.maven.surefire.testng.TestNGExecutor.run(TestNGExecutor.java:283)
	at org.apache.maven.surefire.testng.TestNGXmlTestSuite.execute(TestNGXmlTestSuite.java:75)
	at org.apache.maven.surefire.testng.TestNGProvider.invoke(TestNGProvider.java:120)
	at org.apache.maven.surefire.booter.ForkedBooter.invokeProviderInSameClassLoader(ForkedBooter.java:384)
	at org.apache.maven.surefire.booter.ForkedBooter.runSuitesInProcess(ForkedBooter.java:345)
	at org.apache.maven.surefire.booter.ForkedBooter.execute(ForkedBooter.java:126)
	at org.apache.maven.surefire.booter.ForkedBooter.main(ForkedBooter.java:418)
</div></td></tr></table><p class="totop"><a href="#summary">back to summary</a></p>
<h3 id="m2">com.qa.qatask.testCASES.DashboardTest#verify_Title</h3><table class="result"><tr><th class="invisible"/></tr></table><p class="totop"><a href="#summary">back to summary</a></p>
<h3 id="m3">com.qa.qatask.testCASES.DashboardTest#verify_acceptCookies</h3><table class="result"><tr><th class="invisible"/></tr></table><p class="totop"><a href="#summary">back to summary</a></p>
<h3 id="m4">com.qa.qatask.testCASES.DashboardTest#verify_clearFilter</h3><table class="result"><tr><th class="invisible"/></tr></table><p class="totop"><a href="#summary">back to summary</a></p>
<h3 id="m5">com.qa.qatask.testCASES.DashboardTest#verify_clickNike</h3><table class="result"><tr><th class="invisible"/></tr></table><p class="totop"><a href="#summary">back to summary</a></p>
<h3 id="m6">com.qa.qatask.testCASES.DashboardTest#verify_clickPrice</h3><table class="result"><tr><th class="invisible"/></tr></table><p class="totop"><a href="#summary">back to summary</a></p>
<h3 id="m7">com.qa.qatask.testCASES.DashboardTest#verify_closeportal</h3><table class="result"><tr><th class="invisible"/></tr></table><p class="totop"><a href="#summary">back to summary</a></p>
<h3 id="m8">com.qa.qatask.testCASES.DashboardTest#verify_isNikeTextPresent</h3><table class="result"><tr><th class="invisible"/></tr></table><p class="totop"><a href="#summary">back to summary</a></p>
<h3 id="m9">com.qa.qatask.testCASES.DashboardTest#verify_search</h3><table class="result"><tr><th class="invisible"/></tr></table><p class="totop"><a href="#summary">back to summary</a></p>
<h3 id="m10">com.qa.qatask.testCASES.DashboardTest#verify_selectPriceRange</h3><table class="result"><tr><th class="invisible"/></tr></table><p class="totop"><a href="#summary">back to summary</a></p>
<h3 id="m11">com.qa.qatask.testCASES.DashboardTest#verify_selectWomenShoes</h3><table class="result"><tr><th class="invisible"/></tr></table><p class="totop"><a href="#summary">back to summary</a></p>
<h3 id="m12">com.qa.qatask.testCASES.DashboardTest#verify_sortByPriceClick</h3><table class="result"><tr><th class="invisible"/></tr></table><p class="totop"><a href="#summary">back to summary</a></p>
<h2>QA Task Vinted</h2><h3 id="m13">com.qa.qatask.testCASES.DashboardTest#verify_isSortedByLowToHigh</h3><table class="result"><tr><th>Exception</th></tr><tr><td><div class="stacktrace">java.lang.AssertionError: Not in ascending order
	at org.testng.Assert.fail(Assert.java:96)
	at com.qa.qatask.pages.Dashboard.isSortedByLowToHigh(Dashboard.java:232)
	at com.qa.qatask.testCASES.DashboardTest.verify_isSortedByLowToHigh(DashboardTest.java:118)
	at java.base/jdk.internal.reflect.NativeMethodAccessorImpl.invoke0(Native Method)
	at java.base/jdk.internal.reflect.NativeMethodAccessorImpl.invoke(NativeMethodAccessorImpl.java:78)
	at java.base/jdk.internal.reflect.DelegatingMethodAccessorImpl.invoke(DelegatingMethodAccessorImpl.java:43)
	at java.base/java.lang.reflect.Method.invoke(Method.java:567)
	at org.testng.internal.MethodInvocationHelper.invokeMethod(MethodInvocationHelper.java:124)
	at org.testng.internal.Invoker.invokeMethod(Invoker.java:583)
	at org.testng.internal.Invoker.invokeTestMethod(Invoker.java:719)
	at org.testng.internal.Invoker.invokeTestMethods(Invoker.java:989)
	at org.testng.internal.TestMethodWorker.invokeTestMethods(TestMethodWorker.java:125)
	at org.testng.internal.TestMethodWorker.run(TestMethodWorker.java:109)
	at org.testng.TestRunner.privateRun(TestRunner.java:648)
	at org.testng.TestRunner.run(TestRunner.java:505)
	at org.testng.SuiteRunner.runTest(SuiteRunner.java:455)
	at org.testng.SuiteRunner.runSequentially(SuiteRunner.java:450)
	at org.testng.SuiteRunner.privateRun(SuiteRunner.java:415)
	at org.testng.SuiteRunner.run(SuiteRunner.java:364)
	at org.testng.SuiteRunnerWorker.runSuite(SuiteRunnerWorker.java:52)
	at org.testng.SuiteRunnerWorker.run(SuiteRunnerWorker.java:84)
	at org.testng.TestNG.runSuitesSequentially(TestNG.java:1208)
	at org.testng.TestNG.runSuitesLocally(TestNG.java:1137)
	at org.testng.TestNG.runSuites(TestNG.java:1049)
	at org.testng.TestNG.run(TestNG.java:1017)
	at org.apache.maven.surefire.testng.TestNGExecutor.run(TestNGExecutor.java:283)
	at org.apache.maven.surefire.testng.TestNGXmlTestSuite.execute(TestNGXmlTestSuite.java:75)
	at org.apache.maven.surefire.testng.TestNGProvider.invoke(TestNGProvider.java:120)
	at org.apache.maven.surefire.booter.ForkedBooter.invokeProviderInSameClassLoader(ForkedBooter.java:384)
	at org.apache.maven.surefire.booter.ForkedBooter.runSuitesInProcess(ForkedBooter.java:345)
	at org.apache.maven.surefire.booter.ForkedBooter.execute(ForkedBooter.java:126)
	at org.apache.maven.surefire.booter.ForkedBooter.main(ForkedBooter.java:418)
</div></td></tr></table><p class="totop"><a href="#summary">back to summary</a></p>
<h3 id="m14">com.qa.qatask.testCASES.DashboardTest#verify_itemsWithInpriceRangeData</h3><table class="result"><tr><th>Exception</th></tr><tr><td><div class="stacktrace">java.lang.AssertionError: expected [true] but found [false]
	at org.testng.Assert.fail(Assert.java:96)
	at org.testng.Assert.failNotEquals(Assert.java:776)
	at org.testng.Assert.assertTrue(Assert.java:44)
	at org.testng.Assert.assertTrue(Assert.java:54)
	at com.qa.qatask.testCASES.DashboardTest.verify_itemsWithInpriceRangeData(DashboardTest.java:140)
	at java.base/jdk.internal.reflect.NativeMethodAccessorImpl.invoke0(Native Method)
	at java.base/jdk.internal.reflect.NativeMethodAccessorImpl.invoke(NativeMethodAccessorImpl.java:78)
	at java.base/jdk.internal.reflect.DelegatingMethodAccessorImpl.invoke(DelegatingMethodAccessorImpl.java:43)
	at java.base/java.lang.reflect.Method.invoke(Method.java:567)
	at org.testng.internal.MethodInvocationHelper.invokeMethod(MethodInvocationHelper.java:124)
	at org.testng.internal.Invoker.invokeMethod(Invoker.java:583)
	at org.testng.internal.Invoker.invokeTestMethod(Invoker.java:719)
	at org.testng.internal.Invoker.invokeTestMethods(Invoker.java:989)
	at org.testng.internal.TestMethodWorker.invokeTestMethods(TestMethodWorker.java:125)
	at org.testng.internal.TestMethodWorker.run(TestMethodWorker.java:109)
	at org.testng.TestRunner.privateRun(TestRunner.java:648)
	at org.testng.TestRunner.run(TestRunner.java:505)
	at org.testng.SuiteRunner.runTest(SuiteRunner.java:455)
	at org.testng.SuiteRunner.runSequentially(SuiteRunner.java:450)
	at org.testng.SuiteRunner.privateRun(SuiteRunner.java:415)
	at org.testng.SuiteRunner.run(SuiteRunner.java:364)
	at org.testng.SuiteRunnerWorker.runSuite(SuiteRunnerWorker.java:52)
	at org.testng.SuiteRunnerWorker.run(SuiteRunnerWorker.java:84)
	at org.testng.TestNG.runSuitesSequentially(TestNG.java:1208)
	at org.testng.TestNG.runSuitesLocally(TestNG.java:1137)
	at org.testng.TestNG.runSuites(TestNG.java:1049)
	at org.testng.TestNG.run(TestNG.java:1017)
	at org.apache.maven.surefire.testng.TestNGExecutor.run(TestNGExecutor.java:283)
	at org.apache.maven.surefire.testng.TestNGXmlTestSuite.execute(TestNGXmlTestSuite.java:75)
	at org.apache.maven.surefire.testng.TestNGProvider.invoke(TestNGProvider.java:120)
	at org.apache.maven.surefire.booter.ForkedBooter.invokeProviderInSameClassLoader(ForkedBooter.java:384)
	at org.apache.maven.surefire.booter.ForkedBooter.runSuitesInProcess(ForkedBooter.java:345)
	at org.apache.maven.surefire.booter.ForkedBooter.execute(ForkedBooter.java:126)
	at org.apache.maven.surefire.booter.ForkedBooter.main(ForkedBooter.java:418)
</div></td></tr></table><p class="totop"><a href="#summary">back to summary</a></p>
<h3 id="m15">com.qa.qatask.testCASES.DashboardTest#verify_Title</h3><table class="result"><tr><th class="invisible"/></tr></table><p class="totop"><a href="#summary">back to summary</a></p>
<h3 id="m16">com.qa.qatask.testCASES.DashboardTest#verify_acceptCookies</h3><table class="result"><tr><th class="invisible"/></tr></table><p class="totop"><a href="#summary">back to summary</a></p>
<h3 id="m17">com.qa.qatask.testCASES.DashboardTest#verify_clearFilter</h3><table class="result"><tr><th class="invisible"/></tr></table><p class="totop"><a href="#summary">back to summary</a></p>
<h3 id="m18">com.qa.qatask.testCASES.DashboardTest#verify_clickNike</h3><table class="result"><tr><th class="invisible"/></tr></table><p class="totop"><a href="#summary">back to summary</a></p>
<h3 id="m19">com.qa.qatask.testCASES.DashboardTest#verify_clickPrice</h3><table class="result"><tr><th class="invisible"/></tr></table><p class="totop"><a href="#summary">back to summary</a></p>
<h3 id="m20">com.qa.qatask.testCASES.DashboardTest#verify_closeportal</h3><table class="result"><tr><th class="invisible"/></tr></table><p class="totop"><a href="#summary">back to summary</a></p>
<h3 id="m21">com.qa.qatask.testCASES.DashboardTest#verify_isNikeTextPresent</h3><table class="result"><tr><th class="invisible"/></tr></table><p class="totop"><a href="#summary">back to summary</a></p>
<h3 id="m22">com.qa.qatask.testCASES.DashboardTest#verify_search</h3><table class="result"><tr><th class="invisible"/></tr></table><p class="totop"><a href="#summary">back to summary</a></p>
<h3 id="m23">com.qa.qatask.testCASES.DashboardTest#verify_selectPriceRange</h3><table class="result"><tr><th class="invisible"/></tr></table><p class="totop"><a href="#summary">back to summary</a></p>
<h3 id="m24">com.qa.qatask.testCASES.DashboardTest#verify_selectWomenShoes</h3><table class="result"><tr><th class="invisible"/></tr></table><p class="totop"><a href="#summary">back to summary</a></p>
<h3 id="m25">com.qa.qatask.testCASES.DashboardTest#verify_sortByPriceClick</h3><table class="result"><tr><th class="invisible"/></tr></table><p class="totop"><a href="#summary">back to summary</a></p>
</body>
</html>
