<!DOCTYPE html>

<html>
  <head>
  <meta charset='utf-8'>
  <title>TestNG reports</title>

    <link type="text/css" href="testng-reports.css" rel="stylesheet" />
    <script type="text/javascript" src="jquery-1.7.1.min.js"></script>
    <script type="text/javascript" src="testng-reports.js"></script>
    <script type="text/javascript" src="https://www.google.com/jsapi"></script>
    <script type='text/javascript'>
      google.load('visualization', '1', {packages:['table']});
      google.setOnLoadCallback(drawTable);
      var suiteTableInitFunctions = new Array();
      var suiteTableData = new Array();
    </script>
    <!--
      <script type="text/javascript" src="jquery-ui/js/jquery-ui-1.8.16.custom.min.js"></script>
     -->
  </head>

  <body>
    <div class="top-banner-root">
      <span class="top-banner-title-font">Test results</span>
      <br/>
      <span class="top-banner-font-1">2 suites, 4 failed tests</span>
    </div> <!-- top-banner-root -->
    <div class="navigator-root">
      <div class="navigator-suite-header">
        <span>All suites</span>
        <a href="#" title="Collapse/expand all the suites" class="collapse-all-link">
          <img src="collapseall.gif" class="collapse-all-icon">
          </img> <!-- collapse-all-icon -->
        </a> <!-- collapse-all-link -->
      </div> <!-- navigator-suite-header -->
      <div class="suite">
        <div class="rounded-window">
          <div class="suite-header light-rounded-window-top">
            <a href="#" panel-name="suite-Functional_Test_Suite_(0)" class="navigator-link">
              <span class="suite-name border-failed">Functional Test Suite (0)</span>
            </a> <!-- navigator-link -->
          </div> <!-- suite-header light-rounded-window-top -->
          <div class="navigator-suite-content">
            <div class="suite-section-title">
              <span>Info</span>
            </div> <!-- suite-section-title -->
            <div class="suite-section-content">
              <ul>
                <li>
                  <a href="#" panel-name="test-xml-Functional_Test_Suite_(0)" class="navigator-link ">
                    <span>C:\Users\Lubna Yaqoob\Downloads\QATask\src\test\java\com\qa\qatask\testRunner\testng.xml</span>
                  </a> <!-- navigator-link  -->
                </li>
                <li>
                  <a href="#" panel-name="testlist-Functional_Test_Suite_(0)" class="navigator-link ">
                    <span class="test-stats">1 test</span>
                  </a> <!-- navigator-link  -->
                </li>
                <li>
                  <a href="#" panel-name="group-Functional_Test_Suite_(0)" class="navigator-link ">
                    <span>0 groups</span>
                  </a> <!-- navigator-link  -->
                </li>
                <li>
                  <a href="#" panel-name="times-Functional_Test_Suite_(0)" class="navigator-link ">
                    <span>Times</span>
                  </a> <!-- navigator-link  -->
                </li>
                <li>
                  <a href="#" panel-name="reporter-Functional_Test_Suite_(0)" class="navigator-link ">
                    <span>Reporter output</span>
                  </a> <!-- navigator-link  -->
                </li>
                <li>
                  <a href="#" panel-name="ignored-methods-Functional_Test_Suite_(0)" class="navigator-link ">
                    <span>Ignored methods</span>
                  </a> <!-- navigator-link  -->
                </li>
                <li>
                  <a href="#" panel-name="chronological-Functional_Test_Suite_(0)" class="navigator-link ">
                    <span>Chronological view</span>
                  </a> <!-- navigator-link  -->
                </li>
              </ul>
            </div> <!-- suite-section-content -->
            <div class="result-section">
              <div class="suite-section-title">
                <span>Results</span>
              </div> <!-- suite-section-title -->
              <div class="suite-section-content">
                <ul>
                  <li>
                    <span class="method-stats">13 methods, 2 failed,   11 passed</span>
                  </li>
                  <li>
                    <span class="method-list-title failed">Failed methods</span>
                    <span class="show-or-hide-methods failed">
                      <a href="#" panel-name="suite-Functional_Test_Suite_(0)" class="hide-methods failed suite-Functional_Test_Suite_(0)"> (hide)</a> <!-- hide-methods failed suite-Functional_Test_Suite_(0) -->
                      <a href="#" panel-name="suite-Functional_Test_Suite_(0)" class="show-methods failed suite-Functional_Test_Suite_(0)"> (show)</a> <!-- show-methods failed suite-Functional_Test_Suite_(0) -->
                    </span>
                    <div class="method-list-content failed suite-Functional_Test_Suite_(0)">
                      <span>
                        <img src="failed.png" width="3%"/>
                        <a href="#" panel-name="suite-Functional_Test_Suite_(0)" title="com.qa.qatask.testCASES.DashboardTest" class="method navigator-link" hash-for-method="verify_isSortedByLowToHigh">verify_isSortedByLowToHigh</a> <!-- method navigator-link -->
                      </span>
                      <br/>
                      <span>
                        <img src="failed.png" width="3%"/>
                        <a href="#" panel-name="suite-Functional_Test_Suite_(0)" title="com.qa.qatask.testCASES.DashboardTest" class="method navigator-link" hash-for-method="verify_itemsWithInpriceRangeData">verify_itemsWithInpriceRangeData</a> <!-- method navigator-link -->
                      </span>
                      <br/>
                    </div> <!-- method-list-content failed suite-Functional_Test_Suite_(0) -->
                  </li>
                  <li>
                    <span class="method-list-title passed">Passed methods</span>
                    <span class="show-or-hide-methods passed">
                      <a href="#" panel-name="suite-Functional_Test_Suite_(0)" class="hide-methods passed suite-Functional_Test_Suite_(0)"> (hide)</a> <!-- hide-methods passed suite-Functional_Test_Suite_(0) -->
                      <a href="#" panel-name="suite-Functional_Test_Suite_(0)" class="show-methods passed suite-Functional_Test_Suite_(0)"> (show)</a> <!-- show-methods passed suite-Functional_Test_Suite_(0) -->
                    </span>
                    <div class="method-list-content passed suite-Functional_Test_Suite_(0)">
                      <span>
                        <img src="passed.png" width="3%"/>
                        <a href="#" panel-name="suite-Functional_Test_Suite_(0)" title="com.qa.qatask.testCASES.DashboardTest" class="method navigator-link" hash-for-method="verify_Title">verify_Title</a> <!-- method navigator-link -->
                      </span>
                      <br/>
                      <span>
                        <img src="passed.png" width="3%"/>
                        <a href="#" panel-name="suite-Functional_Test_Suite_(0)" title="com.qa.qatask.testCASES.DashboardTest" class="method navigator-link" hash-for-method="verify_acceptCookies">verify_acceptCookies</a> <!-- method navigator-link -->
                      </span>
                      <br/>
                      <span>
                        <img src="passed.png" width="3%"/>
                        <a href="#" panel-name="suite-Functional_Test_Suite_(0)" title="com.qa.qatask.testCASES.DashboardTest" class="method navigator-link" hash-for-method="verify_clearFilter">verify_clearFilter</a> <!-- method navigator-link -->
                      </span>
                      <br/>
                      <span>
                        <img src="passed.png" width="3%"/>
                        <a href="#" panel-name="suite-Functional_Test_Suite_(0)" title="com.qa.qatask.testCASES.DashboardTest" class="method navigator-link" hash-for-method="verify_clickNike">verify_clickNike</a> <!-- method navigator-link -->
                      </span>
                      <br/>
                      <span>
                        <img src="passed.png" width="3%"/>
                        <a href="#" panel-name="suite-Functional_Test_Suite_(0)" title="com.qa.qatask.testCASES.DashboardTest" class="method navigator-link" hash-for-method="verify_clickPrice">verify_clickPrice</a> <!-- method navigator-link -->
                      </span>
                      <br/>
                      <span>
                        <img src="passed.png" width="3%"/>
                        <a href="#" panel-name="suite-Functional_Test_Suite_(0)" title="com.qa.qatask.testCASES.DashboardTest" class="method navigator-link" hash-for-method="verify_closeportal">verify_closeportal</a> <!-- method navigator-link -->
                      </span>
                      <br/>
                      <span>
                        <img src="passed.png" width="3%"/>
                        <a href="#" panel-name="suite-Functional_Test_Suite_(0)" title="com.qa.qatask.testCASES.DashboardTest" class="method navigator-link" hash-for-method="verify_isNikeTextPresent">verify_isNikeTextPresent</a> <!-- method navigator-link -->
                      </span>
                      <br/>
                      <span>
                        <img src="passed.png" width="3%"/>
                        <a href="#" panel-name="suite-Functional_Test_Suite_(0)" title="com.qa.qatask.testCASES.DashboardTest" class="method navigator-link" hash-for-method="verify_search">verify_search</a> <!-- method navigator-link -->
                      </span>
                      <br/>
                      <span>
                        <img src="passed.png" width="3%"/>
                        <a href="#" panel-name="suite-Functional_Test_Suite_(0)" title="com.qa.qatask.testCASES.DashboardTest" class="method navigator-link" hash-for-method="verify_selectPriceRange">verify_selectPriceRange</a> <!-- method navigator-link -->
                      </span>
                      <br/>
                      <span>
                        <img src="passed.png" width="3%"/>
                        <a href="#" panel-name="suite-Functional_Test_Suite_(0)" title="com.qa.qatask.testCASES.DashboardTest" class="method navigator-link" hash-for-method="verify_selectWomenShoes">verify_selectWomenShoes</a> <!-- method navigator-link -->
                      </span>
                      <br/>
                      <span>
                        <img src="passed.png" width="3%"/>
                        <a href="#" panel-name="suite-Functional_Test_Suite_(0)" title="com.qa.qatask.testCASES.DashboardTest" class="method navigator-link" hash-for-method="verify_sortByPriceClick">verify_sortByPriceClick</a> <!-- method navigator-link -->
                      </span>
                      <br/>
                    </div> <!-- method-list-content passed suite-Functional_Test_Suite_(0) -->
                  </li>
                </ul>
              </div> <!-- suite-section-content -->
            </div> <!-- result-section -->
          </div> <!-- navigator-suite-content -->
        </div> <!-- rounded-window -->
      </div> <!-- suite -->
      <div class="suite">
        <div class="rounded-window">
          <div class="suite-header light-rounded-window-top">
            <a href="#" panel-name="suite-Functional_Test_Suite" class="navigator-link">
              <span class="suite-name border-failed">Functional Test Suite</span>
            </a> <!-- navigator-link -->
          </div> <!-- suite-header light-rounded-window-top -->
          <div class="navigator-suite-content">
            <div class="suite-section-title">
              <span>Info</span>
            </div> <!-- suite-section-title -->
            <div class="suite-section-content">
              <ul>
                <li>
                  <a href="#" panel-name="test-xml-Functional_Test_Suite" class="navigator-link ">
                    <span>C:\Users\Lubna Yaqoob\Downloads\QATask\testng.xml</span>
                  </a> <!-- navigator-link  -->
                </li>
                <li>
                  <a href="#" panel-name="testlist-Functional_Test_Suite" class="navigator-link ">
                    <span class="test-stats">1 test</span>
                  </a> <!-- navigator-link  -->
                </li>
                <li>
                  <a href="#" panel-name="group-Functional_Test_Suite" class="navigator-link ">
                    <span>0 groups</span>
                  </a> <!-- navigator-link  -->
                </li>
                <li>
                  <a href="#" panel-name="times-Functional_Test_Suite" class="navigator-link ">
                    <span>Times</span>
                  </a> <!-- navigator-link  -->
                </li>
                <li>
                  <a href="#" panel-name="reporter-Functional_Test_Suite" class="navigator-link ">
                    <span>Reporter output</span>
                  </a> <!-- navigator-link  -->
                </li>
                <li>
                  <a href="#" panel-name="ignored-methods-Functional_Test_Suite" class="navigator-link ">
                    <span>Ignored methods</span>
                  </a> <!-- navigator-link  -->
                </li>
                <li>
                  <a href="#" panel-name="chronological-Functional_Test_Suite" class="navigator-link ">
                    <span>Chronological view</span>
                  </a> <!-- navigator-link  -->
                </li>
              </ul>
            </div> <!-- suite-section-content -->
            <div class="result-section">
              <div class="suite-section-title">
                <span>Results</span>
              </div> <!-- suite-section-title -->
              <div class="suite-section-content">
                <ul>
                  <li>
                    <span class="method-stats">13 methods, 2 failed,   11 passed</span>
                  </li>
                  <li>
                    <span class="method-list-title failed">Failed methods</span>
                    <span class="show-or-hide-methods failed">
                      <a href="#" panel-name="suite-Functional_Test_Suite" class="hide-methods failed suite-Functional_Test_Suite"> (hide)</a> <!-- hide-methods failed suite-Functional_Test_Suite -->
                      <a href="#" panel-name="suite-Functional_Test_Suite" class="show-methods failed suite-Functional_Test_Suite"> (show)</a> <!-- show-methods failed suite-Functional_Test_Suite -->
                    </span>
                    <div class="method-list-content failed suite-Functional_Test_Suite">
                      <span>
                        <img src="failed.png" width="3%"/>
                        <a href="#" panel-name="suite-Functional_Test_Suite" title="com.qa.qatask.testCASES.DashboardTest" class="method navigator-link" hash-for-method="verify_isSortedByLowToHigh">verify_isSortedByLowToHigh</a> <!-- method navigator-link -->
                      </span>
                      <br/>
                      <span>
                        <img src="failed.png" width="3%"/>
                        <a href="#" panel-name="suite-Functional_Test_Suite" title="com.qa.qatask.testCASES.DashboardTest" class="method navigator-link" hash-for-method="verify_itemsWithInpriceRangeData">verify_itemsWithInpriceRangeData</a> <!-- method navigator-link -->
                      </span>
                      <br/>
                    </div> <!-- method-list-content failed suite-Functional_Test_Suite -->
                  </li>
                  <li>
                    <span class="method-list-title passed">Passed methods</span>
                    <span class="show-or-hide-methods passed">
                      <a href="#" panel-name="suite-Functional_Test_Suite" class="hide-methods passed suite-Functional_Test_Suite"> (hide)</a> <!-- hide-methods passed suite-Functional_Test_Suite -->
                      <a href="#" panel-name="suite-Functional_Test_Suite" class="show-methods passed suite-Functional_Test_Suite"> (show)</a> <!-- show-methods passed suite-Functional_Test_Suite -->
                    </span>
                    <div class="method-list-content passed suite-Functional_Test_Suite">
                      <span>
                        <img src="passed.png" width="3%"/>
                        <a href="#" panel-name="suite-Functional_Test_Suite" title="com.qa.qatask.testCASES.DashboardTest" class="method navigator-link" hash-for-method="verify_Title">verify_Title</a> <!-- method navigator-link -->
                      </span>
                      <br/>
                      <span>
                        <img src="passed.png" width="3%"/>
                        <a href="#" panel-name="suite-Functional_Test_Suite" title="com.qa.qatask.testCASES.DashboardTest" class="method navigator-link" hash-for-method="verify_acceptCookies">verify_acceptCookies</a> <!-- method navigator-link -->
                      </span>
                      <br/>
                      <span>
                        <img src="passed.png" width="3%"/>
                        <a href="#" panel-name="suite-Functional_Test_Suite" title="com.qa.qatask.testCASES.DashboardTest" class="method navigator-link" hash-for-method="verify_clearFilter">verify_clearFilter</a> <!-- method navigator-link -->
                      </span>
                      <br/>
                      <span>
                        <img src="passed.png" width="3%"/>
                        <a href="#" panel-name="suite-Functional_Test_Suite" title="com.qa.qatask.testCASES.DashboardTest" class="method navigator-link" hash-for-method="verify_clickNike">verify_clickNike</a> <!-- method navigator-link -->
                      </span>
                      <br/>
                      <span>
                        <img src="passed.png" width="3%"/>
                        <a href="#" panel-name="suite-Functional_Test_Suite" title="com.qa.qatask.testCASES.DashboardTest" class="method navigator-link" hash-for-method="verify_clickPrice">verify_clickPrice</a> <!-- method navigator-link -->
                      </span>
                      <br/>
                      <span>
                        <img src="passed.png" width="3%"/>
                        <a href="#" panel-name="suite-Functional_Test_Suite" title="com.qa.qatask.testCASES.DashboardTest" class="method navigator-link" hash-for-method="verify_closeportal">verify_closeportal</a> <!-- method navigator-link -->
                      </span>
                      <br/>
                      <span>
                        <img src="passed.png" width="3%"/>
                        <a href="#" panel-name="suite-Functional_Test_Suite" title="com.qa.qatask.testCASES.DashboardTest" class="method navigator-link" hash-for-method="verify_isNikeTextPresent">verify_isNikeTextPresent</a> <!-- method navigator-link -->
                      </span>
                      <br/>
                      <span>
                        <img src="passed.png" width="3%"/>
                        <a href="#" panel-name="suite-Functional_Test_Suite" title="com.qa.qatask.testCASES.DashboardTest" class="method navigator-link" hash-for-method="verify_search">verify_search</a> <!-- method navigator-link -->
                      </span>
                      <br/>
                      <span>
                        <img src="passed.png" width="3%"/>
                        <a href="#" panel-name="suite-Functional_Test_Suite" title="com.qa.qatask.testCASES.DashboardTest" class="method navigator-link" hash-for-method="verify_selectPriceRange">verify_selectPriceRange</a> <!-- method navigator-link -->
                      </span>
                      <br/>
                      <span>
                        <img src="passed.png" width="3%"/>
                        <a href="#" panel-name="suite-Functional_Test_Suite" title="com.qa.qatask.testCASES.DashboardTest" class="method navigator-link" hash-for-method="verify_selectWomenShoes">verify_selectWomenShoes</a> <!-- method navigator-link -->
                      </span>
                      <br/>
                      <span>
                        <img src="passed.png" width="3%"/>
                        <a href="#" panel-name="suite-Functional_Test_Suite" title="com.qa.qatask.testCASES.DashboardTest" class="method navigator-link" hash-for-method="verify_sortByPriceClick">verify_sortByPriceClick</a> <!-- method navigator-link -->
                      </span>
                      <br/>
                    </div> <!-- method-list-content passed suite-Functional_Test_Suite -->
                  </li>
                </ul>
              </div> <!-- suite-section-content -->
            </div> <!-- result-section -->
          </div> <!-- navigator-suite-content -->
        </div> <!-- rounded-window -->
      </div> <!-- suite -->
    </div> <!-- navigator-root -->
    <div class="wrapper">
      <div class="main-panel-root">
        <div panel-name="suite-Functional_Test_Suite_(0)" class="panel Functional_Test_Suite_(0)">
          <div class="suite-Functional_Test_Suite_(0)-class-failed">
            <div class="main-panel-header rounded-window-top">
              <img src="failed.png"/>
              <span class="class-name">com.qa.qatask.testCASES.DashboardTest</span>
            </div> <!-- main-panel-header rounded-window-top -->
            <div class="main-panel-content rounded-window-bottom">
              <div class="method">
                <div class="method-content">
                  <a name="verify_isSortedByLowToHigh">
                  </a> <!-- verify_isSortedByLowToHigh -->
                  <span class="method-name">verify_isSortedByLowToHigh</span>
                  <div class="stack-trace">java.lang.AssertionError: Not in ascending order
	at org.testng.Assert.fail(Assert.java:96)
	at com.qa.qatask.pages.Dashboard.isSortedByLowToHigh(Dashboard.java:232)
	at com.qa.qatask.testCASES.DashboardTest.verify_isSortedByLowToHigh(DashboardTest.java:126)
	at java.base/jdk.internal.reflect.NativeMethodAccessorImpl.invoke0(Native Method)
	at java.base/jdk.internal.reflect.NativeMethodAccessorImpl.invoke(NativeMethodAccessorImpl.java:78)
	at java.base/jdk.internal.reflect.DelegatingMethodAccessorImpl.invoke(DelegatingMethodAccessorImpl.java:43)
	at java.base/java.lang.reflect.Method.invoke(Method.java:567)
	at org.testng.internal.MethodInvocationHelper.invokeMethod(MethodInvocationHelper.java:124)
	at org.testng.internal.Invoker.invokeMethod(Invoker.java:583)
	at org.testng.internal.Invoker.invokeTestMethod(Invoker.java:719)
	at org.testng.internal.Invoker.invokeTestMethods(Invoker.java:989)
	at org.testng.internal.TestMethodWorker.invokeTestMethods(TestMethodWorker.java:125)
	at org.testng.internal.TestMethodWorker.run(TestMethodWorker.java:109)
	at org.testng.TestRunner.privateRun(TestRunner.java:648)
	at org.testng.TestRunner.run(TestRunner.java:505)
	at org.testng.SuiteRunner.runTest(SuiteRunner.java:455)
	at org.testng.SuiteRunner.runSequentially(SuiteRunner.java:450)
	at org.testng.SuiteRunner.privateRun(SuiteRunner.java:415)
	at org.testng.SuiteRunner.run(SuiteRunner.java:364)
	at org.testng.SuiteRunnerWorker.runSuite(SuiteRunnerWorker.java:52)
	at org.testng.SuiteRunnerWorker.run(SuiteRunnerWorker.java:84)
	at org.testng.TestNG.runSuitesSequentially(TestNG.java:1208)
	at org.testng.TestNG.runSuitesLocally(TestNG.java:1137)
	at org.testng.TestNG.runSuites(TestNG.java:1049)
	at org.testng.TestNG.run(TestNG.java:1017)
	at org.apache.maven.surefire.testng.TestNGExecutor.run(TestNGExecutor.java:283)
	at org.apache.maven.surefire.testng.TestNGXmlTestSuite.execute(TestNGXmlTestSuite.java:75)
	at org.apache.maven.surefire.testng.TestNGProvider.invoke(TestNGProvider.java:120)
	at org.apache.maven.surefire.booter.ForkedBooter.invokeProviderInSameClassLoader(ForkedBooter.java:384)
	at org.apache.maven.surefire.booter.ForkedBooter.runSuitesInProcess(ForkedBooter.java:345)
	at org.apache.maven.surefire.booter.ForkedBooter.execute(ForkedBooter.java:126)
	at org.apache.maven.surefire.booter.ForkedBooter.main(ForkedBooter.java:418)

</div> <!-- stack-trace -->
                  <em>
(verify if the prices are sorted by Low to high)                  </em>
                </div> <!-- method-content -->
              </div> <!-- method -->
              <div class="method">
                <div class="method-content">
                  <a name="verify_itemsWithInpriceRangeData">
                  </a> <!-- verify_itemsWithInpriceRangeData -->
                  <span class="method-name">verify_itemsWithInpriceRangeData</span>
                  <div class="stack-trace">java.lang.AssertionError: expected [true] but found [false]
	at org.testng.Assert.fail(Assert.java:96)
	at org.testng.Assert.failNotEquals(Assert.java:776)
	at org.testng.Assert.assertTrue(Assert.java:44)
	at org.testng.Assert.assertTrue(Assert.java:54)
	at com.qa.qatask.testCASES.DashboardTest.verify_itemsWithInpriceRangeData(DashboardTest.java:154)
	at java.base/jdk.internal.reflect.NativeMethodAccessorImpl.invoke0(Native Method)
	at java.base/jdk.internal.reflect.NativeMethodAccessorImpl.invoke(NativeMethodAccessorImpl.java:78)
	at java.base/jdk.internal.reflect.DelegatingMethodAccessorImpl.invoke(DelegatingMethodAccessorImpl.java:43)
	at java.base/java.lang.reflect.Method.invoke(Method.java:567)
	at org.testng.internal.MethodInvocationHelper.invokeMethod(MethodInvocationHelper.java:124)
	at org.testng.internal.Invoker.invokeMethod(Invoker.java:583)
	at org.testng.internal.Invoker.invokeTestMethod(Invoker.java:719)
	at org.testng.internal.Invoker.invokeTestMethods(Invoker.java:989)
	at org.testng.internal.TestMethodWorker.invokeTestMethods(TestMethodWorker.java:125)
	at org.testng.internal.TestMethodWorker.run(TestMethodWorker.java:109)
	at org.testng.TestRunner.privateRun(TestRunner.java:648)
	at org.testng.TestRunner.run(TestRunner.java:505)
	at org.testng.SuiteRunner.runTest(SuiteRunner.java:455)
	at org.testng.SuiteRunner.runSequentially(SuiteRunner.java:450)
	at org.testng.SuiteRunner.privateRun(SuiteRunner.java:415)
	at org.testng.SuiteRunner.run(SuiteRunner.java:364)
	at org.testng.SuiteRunnerWorker.runSuite(SuiteRunnerWorker.java:52)
	at org.testng.SuiteRunnerWorker.run(SuiteRunnerWorker.java:84)
	at org.testng.TestNG.runSuitesSequentially(TestNG.java:1208)
	at org.testng.TestNG.runSuitesLocally(TestNG.java:1137)
	at org.testng.TestNG.runSuites(TestNG.java:1049)
	at org.testng.TestNG.run(TestNG.java:1017)
	at org.apache.maven.surefire.testng.TestNGExecutor.run(TestNGExecutor.java:283)
	at org.apache.maven.surefire.testng.TestNGXmlTestSuite.execute(TestNGXmlTestSuite.java:75)
	at org.apache.maven.surefire.testng.TestNGProvider.invoke(TestNGProvider.java:120)
	at org.apache.maven.surefire.booter.ForkedBooter.invokeProviderInSameClassLoader(ForkedBooter.java:384)
	at org.apache.maven.surefire.booter.ForkedBooter.runSuitesInProcess(ForkedBooter.java:345)
	at org.apache.maven.surefire.booter.ForkedBooter.execute(ForkedBooter.java:126)
	at org.apache.maven.surefire.booter.ForkedBooter.main(ForkedBooter.java:418)

</div> <!-- stack-trace -->
                  <em>
(verify if items are with in defined price range)                  </em>
                </div> <!-- method-content -->
              </div> <!-- method -->
            </div> <!-- main-panel-content rounded-window-bottom -->
          </div> <!-- suite-Functional_Test_Suite_(0)-class-failed -->
          <div class="suite-Functional_Test_Suite_(0)-class-passed">
            <div class="main-panel-header rounded-window-top">
              <img src="passed.png"/>
              <span class="class-name">com.qa.qatask.testCASES.DashboardTest</span>
            </div> <!-- main-panel-header rounded-window-top -->
            <div class="main-panel-content rounded-window-bottom">
              <div class="method">
                <div class="method-content">
                  <a name="verify_Title">
                  </a> <!-- verify_Title -->
                  <span class="method-name">verify_Title</span>
                  <em>
(verify title page test -- warm up test)                  </em>
                </div> <!-- method-content -->
              </div> <!-- method -->
              <div class="method">
                <div class="method-content">
                  <a name="verify_acceptCookies">
                  </a> <!-- verify_acceptCookies -->
                  <span class="method-name">verify_acceptCookies</span>
                  <em>
(verify accept cookies)                  </em>
                </div> <!-- method-content -->
              </div> <!-- method -->
              <div class="method">
                <div class="method-content">
                  <a name="verify_clearFilter">
                  </a> <!-- verify_clearFilter -->
                  <span class="method-name">verify_clearFilter</span>
                  <em>
(clear all filters)                  </em>
                </div> <!-- method-content -->
              </div> <!-- method -->
              <div class="method">
                <div class="method-content">
                  <a name="verify_clickNike">
                  </a> <!-- verify_clickNike -->
                  <span class="method-name">verify_clickNike</span>
                  <em>
(verify Nike text is clicked from options available list)                  </em>
                </div> <!-- method-content -->
              </div> <!-- method -->
              <div class="method">
                <div class="method-content">
                  <a name="verify_clickPrice">
                  </a> <!-- verify_clickPrice -->
                  <span class="method-name">verify_clickPrice</span>
                  <em>
(verify click on price dropdown)                  </em>
                </div> <!-- method-content -->
              </div> <!-- method -->
              <div class="method">
                <div class="method-content">
                  <a name="verify_closeportal">
                  </a> <!-- verify_closeportal -->
                  <span class="method-name">verify_closeportal</span>
                  <em>
(close portal)                  </em>
                </div> <!-- method-content -->
              </div> <!-- method -->
              <div class="method">
                <div class="method-content">
                  <a name="verify_isNikeTextPresent">
                  </a> <!-- verify_isNikeTextPresent -->
                  <span class="method-name">verify_isNikeTextPresent</span>
                  <em>
(verify Text is present on page with Nike)                  </em>
                </div> <!-- method-content -->
              </div> <!-- method -->
              <div class="method">
                <div class="method-content">
                  <a name="verify_search">
                  </a> <!-- verify_search -->
                  <span class="method-name">verify_search</span>
                  <em>
(verify search input field contains string 'Nik')                  </em>
                </div> <!-- method-content -->
              </div> <!-- method -->
              <div class="method">
                <div class="method-content">
                  <a name="verify_selectPriceRange">
                  </a> <!-- verify_selectPriceRange -->
                  <span class="method-name">verify_selectPriceRange</span>
                  <em>
(select price range two values from and to)                  </em>
                </div> <!-- method-content -->
              </div> <!-- method -->
              <div class="method">
                <div class="method-content">
                  <a name="verify_selectWomenShoes">
                  </a> <!-- verify_selectWomenShoes -->
                  <span class="method-name">verify_selectWomenShoes</span>
                  <em>
(Assert that “Nike” filter appeared below the filter menu)                  </em>
                </div> <!-- method-content -->
              </div> <!-- method -->
              <div class="method">
                <div class="method-content">
                  <a name="verify_sortByPriceClick">
                  </a> <!-- verify_sortByPriceClick -->
                  <span class="method-name">verify_sortByPriceClick</span>
                  <em>
(verify if radio button  from sort list is clicked on Low to High price)                  </em>
                </div> <!-- method-content -->
              </div> <!-- method -->
            </div> <!-- main-panel-content rounded-window-bottom -->
          </div> <!-- suite-Functional_Test_Suite_(0)-class-passed -->
        </div> <!-- panel Functional_Test_Suite_(0) -->
        <div panel-name="suite-Functional_Test_Suite" class="panel Functional_Test_Suite">
          <div class="suite-Functional_Test_Suite-class-failed">
            <div class="main-panel-header rounded-window-top">
              <img src="failed.png"/>
              <span class="class-name">com.qa.qatask.testCASES.DashboardTest</span>
            </div> <!-- main-panel-header rounded-window-top -->
            <div class="main-panel-content rounded-window-bottom">
              <div class="method">
                <div class="method-content">
                  <a name="verify_isSortedByLowToHigh">
                  </a> <!-- verify_isSortedByLowToHigh -->
                  <span class="method-name">verify_isSortedByLowToHigh</span>
                  <div class="stack-trace">java.lang.AssertionError: Not in ascending order
	at org.testng.Assert.fail(Assert.java:96)
	at com.qa.qatask.pages.Dashboard.isSortedByLowToHigh(Dashboard.java:232)
	at com.qa.qatask.testCASES.DashboardTest.verify_isSortedByLowToHigh(DashboardTest.java:126)
	at java.base/jdk.internal.reflect.NativeMethodAccessorImpl.invoke0(Native Method)
	at java.base/jdk.internal.reflect.NativeMethodAccessorImpl.invoke(NativeMethodAccessorImpl.java:78)
	at java.base/jdk.internal.reflect.DelegatingMethodAccessorImpl.invoke(DelegatingMethodAccessorImpl.java:43)
	at java.base/java.lang.reflect.Method.invoke(Method.java:567)
	at org.testng.internal.MethodInvocationHelper.invokeMethod(MethodInvocationHelper.java:124)
	at org.testng.internal.Invoker.invokeMethod(Invoker.java:583)
	at org.testng.internal.Invoker.invokeTestMethod(Invoker.java:719)
	at org.testng.internal.Invoker.invokeTestMethods(Invoker.java:989)
	at org.testng.internal.TestMethodWorker.invokeTestMethods(TestMethodWorker.java:125)
	at org.testng.internal.TestMethodWorker.run(TestMethodWorker.java:109)
	at org.testng.TestRunner.privateRun(TestRunner.java:648)
	at org.testng.TestRunner.run(TestRunner.java:505)
	at org.testng.SuiteRunner.runTest(SuiteRunner.java:455)
	at org.testng.SuiteRunner.runSequentially(SuiteRunner.java:450)
	at org.testng.SuiteRunner.privateRun(SuiteRunner.java:415)
	at org.testng.SuiteRunner.run(SuiteRunner.java:364)
	at org.testng.SuiteRunnerWorker.runSuite(SuiteRunnerWorker.java:52)
	at org.testng.SuiteRunnerWorker.run(SuiteRunnerWorker.java:84)
	at org.testng.TestNG.runSuitesSequentially(TestNG.java:1208)
	at org.testng.TestNG.runSuitesLocally(TestNG.java:1137)
	at org.testng.TestNG.runSuites(TestNG.java:1049)
	at org.testng.TestNG.run(TestNG.java:1017)
	at org.apache.maven.surefire.testng.TestNGExecutor.run(TestNGExecutor.java:283)
	at org.apache.maven.surefire.testng.TestNGXmlTestSuite.execute(TestNGXmlTestSuite.java:75)
	at org.apache.maven.surefire.testng.TestNGProvider.invoke(TestNGProvider.java:120)
	at org.apache.maven.surefire.booter.ForkedBooter.invokeProviderInSameClassLoader(ForkedBooter.java:384)
	at org.apache.maven.surefire.booter.ForkedBooter.runSuitesInProcess(ForkedBooter.java:345)
	at org.apache.maven.surefire.booter.ForkedBooter.execute(ForkedBooter.java:126)
	at org.apache.maven.surefire.booter.ForkedBooter.main(ForkedBooter.java:418)

</div> <!-- stack-trace -->
                  <em>
(verify if the prices are sorted by Low to high)                  </em>
                </div> <!-- method-content -->
              </div> <!-- method -->
              <div class="method">
                <div class="method-content">
                  <a name="verify_itemsWithInpriceRangeData">
                  </a> <!-- verify_itemsWithInpriceRangeData -->
                  <span class="method-name">verify_itemsWithInpriceRangeData</span>
                  <div class="stack-trace">java.lang.AssertionError: expected [true] but found [false]
	at org.testng.Assert.fail(Assert.java:96)
	at org.testng.Assert.failNotEquals(Assert.java:776)
	at org.testng.Assert.assertTrue(Assert.java:44)
	at org.testng.Assert.assertTrue(Assert.java:54)
	at com.qa.qatask.testCASES.DashboardTest.verify_itemsWithInpriceRangeData(DashboardTest.java:154)
	at java.base/jdk.internal.reflect.NativeMethodAccessorImpl.invoke0(Native Method)
	at java.base/jdk.internal.reflect.NativeMethodAccessorImpl.invoke(NativeMethodAccessorImpl.java:78)
	at java.base/jdk.internal.reflect.DelegatingMethodAccessorImpl.invoke(DelegatingMethodAccessorImpl.java:43)
	at java.base/java.lang.reflect.Method.invoke(Method.java:567)
	at org.testng.internal.MethodInvocationHelper.invokeMethod(MethodInvocationHelper.java:124)
	at org.testng.internal.Invoker.invokeMethod(Invoker.java:583)
	at org.testng.internal.Invoker.invokeTestMethod(Invoker.java:719)
	at org.testng.internal.Invoker.invokeTestMethods(Invoker.java:989)
	at org.testng.internal.TestMethodWorker.invokeTestMethods(TestMethodWorker.java:125)
	at org.testng.internal.TestMethodWorker.run(TestMethodWorker.java:109)
	at org.testng.TestRunner.privateRun(TestRunner.java:648)
	at org.testng.TestRunner.run(TestRunner.java:505)
	at org.testng.SuiteRunner.runTest(SuiteRunner.java:455)
	at org.testng.SuiteRunner.runSequentially(SuiteRunner.java:450)
	at org.testng.SuiteRunner.privateRun(SuiteRunner.java:415)
	at org.testng.SuiteRunner.run(SuiteRunner.java:364)
	at org.testng.SuiteRunnerWorker.runSuite(SuiteRunnerWorker.java:52)
	at org.testng.SuiteRunnerWorker.run(SuiteRunnerWorker.java:84)
	at org.testng.TestNG.runSuitesSequentially(TestNG.java:1208)
	at org.testng.TestNG.runSuitesLocally(TestNG.java:1137)
	at org.testng.TestNG.runSuites(TestNG.java:1049)
	at org.testng.TestNG.run(TestNG.java:1017)
	at org.apache.maven.surefire.testng.TestNGExecutor.run(TestNGExecutor.java:283)
	at org.apache.maven.surefire.testng.TestNGXmlTestSuite.execute(TestNGXmlTestSuite.java:75)
	at org.apache.maven.surefire.testng.TestNGProvider.invoke(TestNGProvider.java:120)
	at org.apache.maven.surefire.booter.ForkedBooter.invokeProviderInSameClassLoader(ForkedBooter.java:384)
	at org.apache.maven.surefire.booter.ForkedBooter.runSuitesInProcess(ForkedBooter.java:345)
	at org.apache.maven.surefire.booter.ForkedBooter.execute(ForkedBooter.java:126)
	at org.apache.maven.surefire.booter.ForkedBooter.main(ForkedBooter.java:418)

</div> <!-- stack-trace -->
                  <em>
(verify if items are with in defined price range)                  </em>
                </div> <!-- method-content -->
              </div> <!-- method -->
            </div> <!-- main-panel-content rounded-window-bottom -->
          </div> <!-- suite-Functional_Test_Suite-class-failed -->
          <div class="suite-Functional_Test_Suite-class-passed">
            <div class="main-panel-header rounded-window-top">
              <img src="passed.png"/>
              <span class="class-name">com.qa.qatask.testCASES.DashboardTest</span>
            </div> <!-- main-panel-header rounded-window-top -->
            <div class="main-panel-content rounded-window-bottom">
              <div class="method">
                <div class="method-content">
                  <a name="verify_Title">
                  </a> <!-- verify_Title -->
                  <span class="method-name">verify_Title</span>
                  <em>
(verify title page test -- warm up test)                  </em>
                </div> <!-- method-content -->
              </div> <!-- method -->
              <div class="method">
                <div class="method-content">
                  <a name="verify_acceptCookies">
                  </a> <!-- verify_acceptCookies -->
                  <span class="method-name">verify_acceptCookies</span>
                  <em>
(verify accept cookies)                  </em>
                </div> <!-- method-content -->
              </div> <!-- method -->
              <div class="method">
                <div class="method-content">
                  <a name="verify_clearFilter">
                  </a> <!-- verify_clearFilter -->
                  <span class="method-name">verify_clearFilter</span>
                  <em>
(clear all filters)                  </em>
                </div> <!-- method-content -->
              </div> <!-- method -->
              <div class="method">
                <div class="method-content">
                  <a name="verify_clickNike">
                  </a> <!-- verify_clickNike -->
                  <span class="method-name">verify_clickNike</span>
                  <em>
(verify Nike text is clicked from options available list)                  </em>
                </div> <!-- method-content -->
              </div> <!-- method -->
              <div class="method">
                <div class="method-content">
                  <a name="verify_clickPrice">
                  </a> <!-- verify_clickPrice -->
                  <span class="method-name">verify_clickPrice</span>
                  <em>
(verify click on price dropdown)                  </em>
                </div> <!-- method-content -->
              </div> <!-- method -->
              <div class="method">
                <div class="method-content">
                  <a name="verify_closeportal">
                  </a> <!-- verify_closeportal -->
                  <span class="method-name">verify_closeportal</span>
                  <em>
(close portal)                  </em>
                </div> <!-- method-content -->
              </div> <!-- method -->
              <div class="method">
                <div class="method-content">
                  <a name="verify_isNikeTextPresent">
                  </a> <!-- verify_isNikeTextPresent -->
                  <span class="method-name">verify_isNikeTextPresent</span>
                  <em>
(verify Text is present on page with Nike)                  </em>
                </div> <!-- method-content -->
              </div> <!-- method -->
              <div class="method">
                <div class="method-content">
                  <a name="verify_search">
                  </a> <!-- verify_search -->
                  <span class="method-name">verify_search</span>
                  <em>
(verify search input field contains string 'Nik')                  </em>
                </div> <!-- method-content -->
              </div> <!-- method -->
              <div class="method">
                <div class="method-content">
                  <a name="verify_selectPriceRange">
                  </a> <!-- verify_selectPriceRange -->
                  <span class="method-name">verify_selectPriceRange</span>
                  <em>
(select price range two values from and to)                  </em>
                </div> <!-- method-content -->
              </div> <!-- method -->
              <div class="method">
                <div class="method-content">
                  <a name="verify_selectWomenShoes">
                  </a> <!-- verify_selectWomenShoes -->
                  <span class="method-name">verify_selectWomenShoes</span>
                  <em>
(Assert that “Nike” filter appeared below the filter menu)                  </em>
                </div> <!-- method-content -->
              </div> <!-- method -->
              <div class="method">
                <div class="method-content">
                  <a name="verify_sortByPriceClick">
                  </a> <!-- verify_sortByPriceClick -->
                  <span class="method-name">verify_sortByPriceClick</span>
                  <em>
(verify if radio button  from sort list is clicked on Low to High price)                  </em>
                </div> <!-- method-content -->
              </div> <!-- method -->
            </div> <!-- main-panel-content rounded-window-bottom -->
          </div> <!-- suite-Functional_Test_Suite-class-passed -->
        </div> <!-- panel Functional_Test_Suite -->
        <div panel-name="test-xml-Functional_Test_Suite_(0)" class="panel">
          <div class="main-panel-header rounded-window-top">
            <span class="header-content">C:\Users\Lubna Yaqoob\Downloads\QATask\src\test\java\com\qa\qatask\testRunner\testng.xml</span>
          </div> <!-- main-panel-header rounded-window-top -->
          <div class="main-panel-content rounded-window-bottom">
            <pre>
&lt;?xml version=&quot;1.0&quot; encoding=&quot;UTF-8&quot;?&gt;
&lt;!DOCTYPE suite SYSTEM &quot;http://testng.org/testng-1.0.dtd&quot;&gt;
&lt;suite name=&quot;Functional Test Suite (0)&quot; guice-stage=&quot;DEVELOPMENT&quot; verbose=&quot;0&quot;&gt;
  &lt;listeners&gt;
    &lt;listener class-name=&quot;com.qa.qatask.allureReport.TestAllureListener&quot;/&gt;
  &lt;/listeners&gt;
  &lt;test thread-count=&quot;5&quot; name=&quot;QA Task Vinted&quot; verbose=&quot;5&quot;&gt;
    &lt;classes&gt;
      &lt;class name=&quot;com.qa.qatask.testCASES.DashboardTest&quot;/&gt;
    &lt;/classes&gt;
  &lt;/test&gt; &lt;!-- QA Task Vinted --&gt;
&lt;/suite&gt; &lt;!-- Functional Test Suite (0) --&gt;
            </pre>
          </div> <!-- main-panel-content rounded-window-bottom -->
        </div> <!-- panel -->
        <div panel-name="test-xml-Functional_Test_Suite" class="panel">
          <div class="main-panel-header rounded-window-top">
            <span class="header-content">C:\Users\Lubna Yaqoob\Downloads\QATask\testng.xml</span>
          </div> <!-- main-panel-header rounded-window-top -->
          <div class="main-panel-content rounded-window-bottom">
            <pre>
&lt;?xml version=&quot;1.0&quot; encoding=&quot;UTF-8&quot;?&gt;
&lt;!DOCTYPE suite SYSTEM &quot;http://testng.org/testng-1.0.dtd&quot;&gt;
&lt;suite name=&quot;Functional Test Suite&quot; guice-stage=&quot;DEVELOPMENT&quot; verbose=&quot;0&quot;&gt;
  &lt;listeners&gt;
    &lt;listener class-name=&quot;com.qa.qatask.allureReport.TestAllureListener&quot;/&gt;
  &lt;/listeners&gt;
  &lt;test thread-count=&quot;5&quot; name=&quot;QA Task Vinted&quot; verbose=&quot;5&quot;&gt;
    &lt;classes&gt;
      &lt;class name=&quot;com.qa.qatask.testCASES.DashboardTest&quot;/&gt;
    &lt;/classes&gt;
  &lt;/test&gt; &lt;!-- QA Task Vinted --&gt;
&lt;/suite&gt; &lt;!-- Functional Test Suite --&gt;
            </pre>
          </div> <!-- main-panel-content rounded-window-bottom -->
        </div> <!-- panel -->
        <div panel-name="testlist-Functional_Test_Suite_(0)" class="panel">
          <div class="main-panel-header rounded-window-top">
            <span class="header-content">Tests for Functional Test Suite (0)</span>
          </div> <!-- main-panel-header rounded-window-top -->
          <div class="main-panel-content rounded-window-bottom">
            <ul>
              <li>
                <span class="test-name">QA Task Vinted (1 class)</span>
              </li>
            </ul>
          </div> <!-- main-panel-content rounded-window-bottom -->
        </div> <!-- panel -->
        <div panel-name="testlist-Functional_Test_Suite" class="panel">
          <div class="main-panel-header rounded-window-top">
            <span class="header-content">Tests for Functional Test Suite</span>
          </div> <!-- main-panel-header rounded-window-top -->
          <div class="main-panel-content rounded-window-bottom">
            <ul>
              <li>
                <span class="test-name">QA Task Vinted (1 class)</span>
              </li>
            </ul>
          </div> <!-- main-panel-content rounded-window-bottom -->
        </div> <!-- panel -->
        <div panel-name="group-Functional_Test_Suite_(0)" class="panel">
          <div class="main-panel-header rounded-window-top">
            <span class="header-content">Groups for Functional Test Suite (0)</span>
          </div> <!-- main-panel-header rounded-window-top -->
          <div class="main-panel-content rounded-window-bottom">
          </div> <!-- main-panel-content rounded-window-bottom -->
        </div> <!-- panel -->
        <div panel-name="group-Functional_Test_Suite" class="panel">
          <div class="main-panel-header rounded-window-top">
            <span class="header-content">Groups for Functional Test Suite</span>
          </div> <!-- main-panel-header rounded-window-top -->
          <div class="main-panel-content rounded-window-bottom">
          </div> <!-- main-panel-content rounded-window-bottom -->
        </div> <!-- panel -->
        <div panel-name="times-Functional_Test_Suite_(0)" class="panel">
          <div class="main-panel-header rounded-window-top">
            <span class="header-content">Times for Functional Test Suite (0)</span>
          </div> <!-- main-panel-header rounded-window-top -->
          <div class="main-panel-content rounded-window-bottom">
            <div class="times-div">
              <script type="text/javascript">
suiteTableInitFunctions.push('tableData_Functional_Test_Suite_(0)');
function tableData_Functional_Test_Suite_(0)() {
var data = new google.visualization.DataTable();
data.addColumn('number', 'Number');
data.addColumn('string', 'Method');
data.addColumn('string', 'Class');
data.addColumn('number', 'Time (ms)');
data.addRows(13);
data.setCell(0, 0, 0)
data.setCell(0, 1, 'verify_selectWomenShoes')
data.setCell(0, 2, 'com.qa.qatask.testCASES.DashboardTest')
data.setCell(0, 3, 8872);
data.setCell(1, 0, 1)
data.setCell(1, 1, 'verify_itemsWithInpriceRangeData')
data.setCell(1, 2, 'com.qa.qatask.testCASES.DashboardTest')
data.setCell(1, 3, 6606);
data.setCell(2, 0, 2)
data.setCell(2, 1, 'verify_clearFilter')
data.setCell(2, 2, 'com.qa.qatask.testCASES.DashboardTest')
data.setCell(2, 3, 6183);
data.setCell(3, 0, 3)
data.setCell(3, 1, 'verify_isSortedByLowToHigh')
data.setCell(3, 2, 'com.qa.qatask.testCASES.DashboardTest')
data.setCell(3, 3, 5906);
data.setCell(4, 0, 4)
data.setCell(4, 1, 'verify_clickNike')
data.setCell(4, 2, 'com.qa.qatask.testCASES.DashboardTest')
data.setCell(4, 3, 4353);
data.setCell(5, 0, 5)
data.setCell(5, 1, 'verify_sortByPriceClick')
data.setCell(5, 2, 'com.qa.qatask.testCASES.DashboardTest')
data.setCell(5, 3, 2923);
data.setCell(6, 0, 6)
data.setCell(6, 1, 'verify_isNikeTextPresent')
data.setCell(6, 2, 'com.qa.qatask.testCASES.DashboardTest')
data.setCell(6, 3, 1515);
data.setCell(7, 0, 7)
data.setCell(7, 1, 'verify_selectPriceRange')
data.setCell(7, 2, 'com.qa.qatask.testCASES.DashboardTest')
data.setCell(7, 3, 1281);
data.setCell(8, 0, 8)
data.setCell(8, 1, 'verify_closeportal')
data.setCell(8, 2, 'com.qa.qatask.testCASES.DashboardTest')
data.setCell(8, 3, 952);
data.setCell(9, 0, 9)
data.setCell(9, 1, 'verify_acceptCookies')
data.setCell(9, 2, 'com.qa.qatask.testCASES.DashboardTest')
data.setCell(9, 3, 786);
data.setCell(10, 0, 10)
data.setCell(10, 1, 'verify_clickPrice')
data.setCell(10, 2, 'com.qa.qatask.testCASES.DashboardTest')
data.setCell(10, 3, 585);
data.setCell(11, 0, 11)
data.setCell(11, 1, 'verify_search')
data.setCell(11, 2, 'com.qa.qatask.testCASES.DashboardTest')
data.setCell(11, 3, 279);
data.setCell(12, 0, 12)
data.setCell(12, 1, 'verify_Title')
data.setCell(12, 2, 'com.qa.qatask.testCASES.DashboardTest')
data.setCell(12, 3, 9);
window.suiteTableData['Functional_Test_Suite_(0)']= { tableData: data, tableDiv: 'times-div-Functional_Test_Suite_(0)'}
return data;
}
              </script>
              <span class="suite-total-time">Total running time: 40 seconds</span>
              <div id="times-div-Functional_Test_Suite_(0)">
              </div> <!-- times-div-Functional_Test_Suite_(0) -->
            </div> <!-- times-div -->
          </div> <!-- main-panel-content rounded-window-bottom -->
        </div> <!-- panel -->
        <div panel-name="times-Functional_Test_Suite" class="panel">
          <div class="main-panel-header rounded-window-top">
            <span class="header-content">Times for Functional Test Suite</span>
          </div> <!-- main-panel-header rounded-window-top -->
          <div class="main-panel-content rounded-window-bottom">
            <div class="times-div">
              <script type="text/javascript">
suiteTableInitFunctions.push('tableData_Functional_Test_Suite');
function tableData_Functional_Test_Suite() {
var data = new google.visualization.DataTable();
data.addColumn('number', 'Number');
data.addColumn('string', 'Method');
data.addColumn('string', 'Class');
data.addColumn('number', 'Time (ms)');
data.addRows(13);
data.setCell(0, 0, 0)
data.setCell(0, 1, 'verify_selectWomenShoes')
data.setCell(0, 2, 'com.qa.qatask.testCASES.DashboardTest')
data.setCell(0, 3, 6097);
data.setCell(1, 0, 1)
data.setCell(1, 1, 'verify_itemsWithInpriceRangeData')
data.setCell(1, 2, 'com.qa.qatask.testCASES.DashboardTest')
data.setCell(1, 3, 5715);
data.setCell(2, 0, 2)
data.setCell(2, 1, 'verify_clearFilter')
data.setCell(2, 2, 'com.qa.qatask.testCASES.DashboardTest')
data.setCell(2, 3, 5414);
data.setCell(3, 0, 3)
data.setCell(3, 1, 'verify_isSortedByLowToHigh')
data.setCell(3, 2, 'com.qa.qatask.testCASES.DashboardTest')
data.setCell(3, 3, 5304);
data.setCell(4, 0, 4)
data.setCell(4, 1, 'verify_clickNike')
data.setCell(4, 2, 'com.qa.qatask.testCASES.DashboardTest')
data.setCell(4, 3, 4205);
data.setCell(5, 0, 5)
data.setCell(5, 1, 'verify_sortByPriceClick')
data.setCell(5, 2, 'com.qa.qatask.testCASES.DashboardTest')
data.setCell(5, 3, 1298);
data.setCell(6, 0, 6)
data.setCell(6, 1, 'verify_isNikeTextPresent')
data.setCell(6, 2, 'com.qa.qatask.testCASES.DashboardTest')
data.setCell(6, 3, 939);
data.setCell(7, 0, 7)
data.setCell(7, 1, 'verify_acceptCookies')
data.setCell(7, 2, 'com.qa.qatask.testCASES.DashboardTest')
data.setCell(7, 3, 590);
data.setCell(8, 0, 8)
data.setCell(8, 1, 'verify_search')
data.setCell(8, 2, 'com.qa.qatask.testCASES.DashboardTest')
data.setCell(8, 3, 521);
data.setCell(9, 0, 9)
data.setCell(9, 1, 'verify_closeportal')
data.setCell(9, 2, 'com.qa.qatask.testCASES.DashboardTest')
data.setCell(9, 3, 433);
data.setCell(10, 0, 10)
data.setCell(10, 1, 'verify_clickPrice')
data.setCell(10, 2, 'com.qa.qatask.testCASES.DashboardTest')
data.setCell(10, 3, 316);
data.setCell(11, 0, 11)
data.setCell(11, 1, 'verify_selectPriceRange')
data.setCell(11, 2, 'com.qa.qatask.testCASES.DashboardTest')
data.setCell(11, 3, 186);
data.setCell(12, 0, 12)
data.setCell(12, 1, 'verify_Title')
data.setCell(12, 2, 'com.qa.qatask.testCASES.DashboardTest')
data.setCell(12, 3, 23);
window.suiteTableData['Functional_Test_Suite']= { tableData: data, tableDiv: 'times-div-Functional_Test_Suite'}
return data;
}
              </script>
              <span class="suite-total-time">Total running time: 31 seconds</span>
              <div id="times-div-Functional_Test_Suite">
              </div> <!-- times-div-Functional_Test_Suite -->
            </div> <!-- times-div -->
          </div> <!-- main-panel-content rounded-window-bottom -->
        </div> <!-- panel -->
        <div panel-name="reporter-Functional_Test_Suite_(0)" class="panel">
          <div class="main-panel-header rounded-window-top">
            <span class="header-content">Reporter output for Functional Test Suite (0)</span>
          </div> <!-- main-panel-header rounded-window-top -->
          <div class="main-panel-content rounded-window-bottom">
          </div> <!-- main-panel-content rounded-window-bottom -->
        </div> <!-- panel -->
        <div panel-name="reporter-Functional_Test_Suite" class="panel">
          <div class="main-panel-header rounded-window-top">
            <span class="header-content">Reporter output for Functional Test Suite</span>
          </div> <!-- main-panel-header rounded-window-top -->
          <div class="main-panel-content rounded-window-bottom">
          </div> <!-- main-panel-content rounded-window-bottom -->
        </div> <!-- panel -->
        <div panel-name="ignored-methods-Functional_Test_Suite_(0)" class="panel">
          <div class="main-panel-header rounded-window-top">
            <span class="header-content">1 ignored method</span>
          </div> <!-- main-panel-header rounded-window-top -->
          <div class="main-panel-content rounded-window-bottom">
            <div class="ignored-class-div">
              <span class="ignored-class-name">com.qa.qatask.testCASES.DashboardTest</span>
              <div class="ignored-methods-div">
                <span class="ignored-method-name">verify_selectPortal</span>
                <br/>
              </div> <!-- ignored-methods-div -->
            </div> <!-- ignored-class-div -->
          </div> <!-- main-panel-content rounded-window-bottom -->
        </div> <!-- panel -->
        <div panel-name="ignored-methods-Functional_Test_Suite" class="panel">
          <div class="main-panel-header rounded-window-top">
            <span class="header-content">1 ignored method</span>
          </div> <!-- main-panel-header rounded-window-top -->
          <div class="main-panel-content rounded-window-bottom">
            <div class="ignored-class-div">
              <span class="ignored-class-name">com.qa.qatask.testCASES.DashboardTest</span>
              <div class="ignored-methods-div">
                <span class="ignored-method-name">verify_selectPortal</span>
                <br/>
              </div> <!-- ignored-methods-div -->
            </div> <!-- ignored-class-div -->
          </div> <!-- main-panel-content rounded-window-bottom -->
        </div> <!-- panel -->
        <div panel-name="chronological-Functional_Test_Suite_(0)" class="panel">
          <div class="main-panel-header rounded-window-top">
            <span class="header-content">Methods in chronological order</span>
          </div> <!-- main-panel-header rounded-window-top -->
          <div class="main-panel-content rounded-window-bottom">
            <div class="chronological-class">
              <div class="chronological-class-name">com.qa.qatask.testCASES.DashboardTest</div> <!-- chronological-class-name -->
              <div class="configuration-test before">
                <span class="method-name">setUp</span>
                <span class="method-start">0 ms</span>
              </div> <!-- configuration-test before -->
              <div class="test-method">
                <span class="method-name">verify_closeportal</span>
                <span class="method-start">10816 ms</span>
              </div> <!-- test-method -->
              <div class="test-method">
                <span class="method-name">verify_Title</span>
                <span class="method-start">11781 ms</span>
              </div> <!-- test-method -->
              <div class="test-method">
                <span class="method-name">verify_acceptCookies</span>
                <span class="method-start">11795 ms</span>
              </div> <!-- test-method -->
              <div class="test-method">
                <span class="method-name">verify_search</span>
                <span class="method-start">12588 ms</span>
              </div> <!-- test-method -->
              <div class="test-method">
                <span class="method-name">verify_clickNike</span>
                <span class="method-start">12874 ms</span>
              </div> <!-- test-method -->
              <div class="test-method">
                <span class="method-name">verify_isNikeTextPresent</span>
                <span class="method-start">17232 ms</span>
              </div> <!-- test-method -->
              <div class="test-method">
                <span class="method-name">verify_selectWomenShoes</span>
                <span class="method-start">18752 ms</span>
              </div> <!-- test-method -->
              <div class="test-method">
                <span class="method-name">verify_clearFilter</span>
                <span class="method-start">27628 ms</span>
              </div> <!-- test-method -->
              <div class="test-method">
                <span class="method-name">verify_sortByPriceClick</span>
                <span class="method-start">33816 ms</span>
              </div> <!-- test-method -->
              <div class="test-method">
                <img src="failed.png">
                </img>
                <span class="method-name">verify_isSortedByLowToHigh</span>
                <span class="method-start">36743 ms</span>
              </div> <!-- test-method -->
              <div class="test-method">
                <span class="method-name">verify_clickPrice</span>
                <span class="method-start">44753 ms</span>
              </div> <!-- test-method -->
              <div class="test-method">
                <span class="method-name">verify_selectPriceRange</span>
                <span class="method-start">45343 ms</span>
              </div> <!-- test-method -->
              <div class="test-method">
                <img src="failed.png">
                </img>
                <span class="method-name">verify_itemsWithInpriceRangeData</span>
                <span class="method-start">46628 ms</span>
              </div> <!-- test-method -->
              <div class="configuration-test after">
                <span class="method-name">quitBrowserTest</span>
                <span class="method-start">55175 ms</span>
              </div> <!-- configuration-test after -->
          </div> <!-- main-panel-content rounded-window-bottom -->
        </div> <!-- panel -->
        <div panel-name="chronological-Functional_Test_Suite" class="panel">
          <div class="main-panel-header rounded-window-top">
            <span class="header-content">Methods in chronological order</span>
          </div> <!-- main-panel-header rounded-window-top -->
          <div class="main-panel-content rounded-window-bottom">
            <div class="chronological-class">
              <div class="chronological-class-name">com.qa.qatask.testCASES.DashboardTest</div> <!-- chronological-class-name -->
              <div class="configuration-test before">
                <span class="method-name">setUp</span>
                <span class="method-start">0 ms</span>
              </div> <!-- configuration-test before -->
              <div class="test-method">
                <span class="method-name">verify_closeportal</span>
                <span class="method-start">16202 ms</span>
              </div> <!-- test-method -->
              <div class="test-method">
                <span class="method-name">verify_Title</span>
                <span class="method-start">16660 ms</span>
              </div> <!-- test-method -->
              <div class="test-method">
                <span class="method-name">verify_acceptCookies</span>
                <span class="method-start">16688 ms</span>
              </div> <!-- test-method -->
              <div class="test-method">
                <span class="method-name">verify_search</span>
                <span class="method-start">17283 ms</span>
              </div> <!-- test-method -->
              <div class="test-method">
                <span class="method-name">verify_clickNike</span>
                <span class="method-start">17810 ms</span>
              </div> <!-- test-method -->
              <div class="test-method">
                <span class="method-name">verify_isNikeTextPresent</span>
                <span class="method-start">22020 ms</span>
              </div> <!-- test-method -->
              <div class="test-method">
                <span class="method-name">verify_selectWomenShoes</span>
                <span class="method-start">22965 ms</span>
              </div> <!-- test-method -->
              <div class="test-method">
                <span class="method-name">verify_clearFilter</span>
                <span class="method-start">29066 ms</span>
              </div> <!-- test-method -->
              <div class="test-method">
                <span class="method-name">verify_sortByPriceClick</span>
                <span class="method-start">34484 ms</span>
              </div> <!-- test-method -->
              <div class="test-method">
                <img src="failed.png">
                </img>
                <span class="method-name">verify_isSortedByLowToHigh</span>
                <span class="method-start">35791 ms</span>
              </div> <!-- test-method -->
              <div class="test-method">
                <span class="method-name">verify_clickPrice</span>
                <span class="method-start">41912 ms</span>
              </div> <!-- test-method -->
              <div class="test-method">
                <span class="method-name">verify_selectPriceRange</span>
                <span class="method-start">42233 ms</span>
              </div> <!-- test-method -->
              <div class="test-method">
                <img src="failed.png">
                </img>
                <span class="method-name">verify_itemsWithInpriceRangeData</span>
                <span class="method-start">42424 ms</span>
              </div> <!-- test-method -->
              <div class="configuration-test after">
                <span class="method-name">quitBrowserTest</span>
                <span class="method-start">48771 ms</span>
              </div> <!-- configuration-test after -->
          </div> <!-- main-panel-content rounded-window-bottom -->
        </div> <!-- panel -->
      </div> <!-- main-panel-root -->
    </div> <!-- wrapper -->
  </body>
</html>
