<?xml version="1.0" encoding="UTF-8"?>
<testng-results ignored="2" total="28" passed="22" failed="4" skipped="0">
  <reporter-output>
  </reporter-output>
  <suite started-at="2021-08-16T15:22:36Z" name="Functional Test Suite (0)" finished-at="2021-08-16T15:23:34Z" duration-ms="58252">
    <groups>
    </groups>
    <test started-at="2021-08-16T15:22:36Z" name="QA Task Vinted" finished-at="2021-08-16T15:23:34Z" duration-ms="58252">
      <class name="com.qa.qatask.testCASES.DashboardTest">
        <test-method is-config="true" signature="setUp()[pri:0, instance:com.qa.qatask.testCASES.DashboardTest@646811d6]" started-at="2021-08-16T15:22:36Z" name="setUp" finished-at="2021-08-16T15:22:47Z" duration-ms="10814" status="PASS">
          <reporter-output>
          </reporter-output>
        </test-method> <!-- setUp -->
        <test-method signature="verify_closeportal()[pri:1, instance:com.qa.qatask.testCASES.DashboardTest@646811d6]" started-at="2021-08-16T15:22:47Z" name="verify_closeportal" description="close portal" finished-at="2021-08-16T15:22:48Z" duration-ms="952" status="PASS">
          <reporter-output>
          </reporter-output>
        </test-method> <!-- verify_closeportal -->
        <test-method signature="verify_Title()[pri:3, instance:com.qa.qatask.testCASES.DashboardTest@646811d6]" started-at="2021-08-16T15:22:48Z" name="verify_Title" description="verify title page test -- warm up test" finished-at="2021-08-16T15:22:48Z" duration-ms="9" status="PASS">
          <reporter-output>
          </reporter-output>
        </test-method> <!-- verify_Title -->
        <test-method signature="verify_acceptCookies()[pri:4, instance:com.qa.qatask.testCASES.DashboardTest@646811d6]" started-at="2021-08-16T15:22:48Z" name="verify_acceptCookies" description="verify accept cookies" finished-at="2021-08-16T15:22:49Z" duration-ms="786" status="PASS">
          <reporter-output>
          </reporter-output>
        </test-method> <!-- verify_acceptCookies -->
        <test-method signature="verify_search()[pri:5, instance:com.qa.qatask.testCASES.DashboardTest@646811d6]" started-at="2021-08-16T15:22:49Z" name="verify_search" description="verify search input field contains string &#039;Nik&#039;" finished-at="2021-08-16T15:22:49Z" duration-ms="279" status="PASS">
          <reporter-output>
          </reporter-output>
        </test-method> <!-- verify_search -->
        <test-method signature="verify_clickNike()[pri:6, instance:com.qa.qatask.testCASES.DashboardTest@646811d6]" started-at="2021-08-16T15:22:49Z" name="verify_clickNike" description="verify Nike text is clicked from options available list" finished-at="2021-08-16T15:22:53Z" duration-ms="4353" status="PASS">
          <reporter-output>
          </reporter-output>
        </test-method> <!-- verify_clickNike -->
        <test-method signature="verify_isNikeTextPresent()[pri:7, instance:com.qa.qatask.testCASES.DashboardTest@646811d6]" started-at="2021-08-16T15:22:53Z" name="verify_isNikeTextPresent" description="verify Text is present on page with Nike" finished-at="2021-08-16T15:22:55Z" duration-ms="1515" status="PASS">
          <reporter-output>
          </reporter-output>
        </test-method> <!-- verify_isNikeTextPresent -->
        <test-method signature="verify_selectWomenShoes()[pri:8, instance:com.qa.qatask.testCASES.DashboardTest@646811d6]" started-at="2021-08-16T15:22:55Z" name="verify_selectWomenShoes" description="Assert that “Nike” filter appeared below the filter menu" finished-at="2021-08-16T15:23:04Z" duration-ms="8872" status="PASS">
          <reporter-output>
          </reporter-output>
        </test-method> <!-- verify_selectWomenShoes -->
        <test-method signature="verify_clearFilter()[pri:9, instance:com.qa.qatask.testCASES.DashboardTest@646811d6]" started-at="2021-08-16T15:23:04Z" name="verify_clearFilter" description="clear all filters" finished-at="2021-08-16T15:23:10Z" duration-ms="6183" status="PASS">
          <reporter-output>
          </reporter-output>
        </test-method> <!-- verify_clearFilter -->
        <test-method signature="verify_sortByPriceClick()[pri:10, instance:com.qa.qatask.testCASES.DashboardTest@646811d6]" started-at="2021-08-16T15:23:10Z" name="verify_sortByPriceClick" description="verify if radio button  from sort list is clicked on Low to High price" finished-at="2021-08-16T15:23:13Z" duration-ms="2923" status="PASS">
          <reporter-output>
          </reporter-output>
        </test-method> <!-- verify_sortByPriceClick -->
        <test-method signature="verify_isSortedByLowToHigh()[pri:11, instance:com.qa.qatask.testCASES.DashboardTest@646811d6]" started-at="2021-08-16T15:23:13Z" name="verify_isSortedByLowToHigh" description="verify if the prices are sorted by Low to high" finished-at="2021-08-16T15:23:19Z" duration-ms="5906" status="FAIL">
          <exception class="java.lang.AssertionError">
            <message>
              <![CDATA[Not in ascending order]]>
            </message>
            <full-stacktrace>
              <![CDATA[java.lang.AssertionError: Not in ascending order
at org.testng.Assert.fail(Assert.java:96)
at com.qa.qatask.pages.Dashboard.isSortedByLowToHigh(Dashboard.java:232)
at com.qa.qatask.testCASES.DashboardTest.verify_isSortedByLowToHigh(DashboardTest.java:126)
at java.base/jdk.internal.reflect.NativeMethodAccessorImpl.invoke0(Native Method)
at java.base/jdk.internal.reflect.NativeMethodAccessorImpl.invoke(NativeMethodAccessorImpl.java:78)
at java.base/jdk.internal.reflect.DelegatingMethodAccessorImpl.invoke(DelegatingMethodAccessorImpl.java:43)
at java.base/java.lang.reflect.Method.invoke(Method.java:567)
at org.testng.internal.MethodInvocationHelper.invokeMethod(MethodInvocationHelper.java:124)
at org.testng.internal.Invoker.invokeMethod(Invoker.java:583)
at org.testng.internal.Invoker.invokeTestMethod(Invoker.java:719)
at org.testng.internal.Invoker.invokeTestMethods(Invoker.java:989)
at org.testng.internal.TestMethodWorker.invokeTestMethods(TestMethodWorker.java:125)
at org.testng.internal.TestMethodWorker.run(TestMethodWorker.java:109)
at org.testng.TestRunner.privateRun(TestRunner.java:648)
at org.testng.TestRunner.run(TestRunner.java:505)
at org.testng.SuiteRunner.runTest(SuiteRunner.java:455)
at org.testng.SuiteRunner.runSequentially(SuiteRunner.java:450)
at org.testng.SuiteRunner.privateRun(SuiteRunner.java:415)
at org.testng.SuiteRunner.run(SuiteRunner.java:364)
at org.testng.SuiteRunnerWorker.runSuite(SuiteRunnerWorker.java:52)
at org.testng.SuiteRunnerWorker.run(SuiteRunnerWorker.java:84)
at org.testng.TestNG.runSuitesSequentially(TestNG.java:1208)
at org.testng.TestNG.runSuitesLocally(TestNG.java:1137)
at org.testng.TestNG.runSuites(TestNG.java:1049)
at org.testng.TestNG.run(TestNG.java:1017)
at org.apache.maven.surefire.testng.TestNGExecutor.run(TestNGExecutor.java:283)
at org.apache.maven.surefire.testng.TestNGXmlTestSuite.execute(TestNGXmlTestSuite.java:75)
at org.apache.maven.surefire.testng.TestNGProvider.invoke(TestNGProvider.java:120)
at org.apache.maven.surefire.booter.ForkedBooter.invokeProviderInSameClassLoader(ForkedBooter.java:384)
at org.apache.maven.surefire.booter.ForkedBooter.runSuitesInProcess(ForkedBooter.java:345)
at org.apache.maven.surefire.booter.ForkedBooter.execute(ForkedBooter.java:126)
at org.apache.maven.surefire.booter.ForkedBooter.main(ForkedBooter.java:418)
]]>
            </full-stacktrace>
          </exception> <!-- java.lang.AssertionError -->
          <reporter-output>
          </reporter-output>
        </test-method> <!-- verify_isSortedByLowToHigh -->
        <test-method signature="verify_clickPrice()[pri:12, instance:com.qa.qatask.testCASES.DashboardTest@646811d6]" started-at="2021-08-16T15:23:21Z" name="verify_clickPrice" description="verify click on price dropdown" finished-at="2021-08-16T15:23:21Z" duration-ms="585" status="PASS">
          <reporter-output>
          </reporter-output>
        </test-method> <!-- verify_clickPrice -->
        <test-method signature="verify_selectPriceRange()[pri:13, instance:com.qa.qatask.testCASES.DashboardTest@646811d6]" started-at="2021-08-16T15:23:21Z" name="verify_selectPriceRange" description="select price range two values from and to" finished-at="2021-08-16T15:23:23Z" duration-ms="1281" status="PASS">
          <reporter-output>
          </reporter-output>
        </test-method> <!-- verify_selectPriceRange -->
        <test-method signature="verify_itemsWithInpriceRangeData()[pri:14, instance:com.qa.qatask.testCASES.DashboardTest@646811d6]" started-at="2021-08-16T15:23:23Z" name="verify_itemsWithInpriceRangeData" description="verify if items are with in defined price range" finished-at="2021-08-16T15:23:29Z" duration-ms="6606" status="FAIL">
          <exception class="java.lang.AssertionError">
            <message>
              <![CDATA[expected [true] but found [false]]]>
            </message>
            <full-stacktrace>
              <![CDATA[java.lang.AssertionError: expected [true] but found [false]
at org.testng.Assert.fail(Assert.java:96)
at org.testng.Assert.failNotEquals(Assert.java:776)
at org.testng.Assert.assertTrue(Assert.java:44)
at org.testng.Assert.assertTrue(Assert.java:54)
at com.qa.qatask.testCASES.DashboardTest.verify_itemsWithInpriceRangeData(DashboardTest.java:154)
at java.base/jdk.internal.reflect.NativeMethodAccessorImpl.invoke0(Native Method)
at java.base/jdk.internal.reflect.NativeMethodAccessorImpl.invoke(NativeMethodAccessorImpl.java:78)
at java.base/jdk.internal.reflect.DelegatingMethodAccessorImpl.invoke(DelegatingMethodAccessorImpl.java:43)
at java.base/java.lang.reflect.Method.invoke(Method.java:567)
at org.testng.internal.MethodInvocationHelper.invokeMethod(MethodInvocationHelper.java:124)
at org.testng.internal.Invoker.invokeMethod(Invoker.java:583)
at org.testng.internal.Invoker.invokeTestMethod(Invoker.java:719)
at org.testng.internal.Invoker.invokeTestMethods(Invoker.java:989)
at org.testng.internal.TestMethodWorker.invokeTestMethods(TestMethodWorker.java:125)
at org.testng.internal.TestMethodWorker.run(TestMethodWorker.java:109)
at org.testng.TestRunner.privateRun(TestRunner.java:648)
at org.testng.TestRunner.run(TestRunner.java:505)
at org.testng.SuiteRunner.runTest(SuiteRunner.java:455)
at org.testng.SuiteRunner.runSequentially(SuiteRunner.java:450)
at org.testng.SuiteRunner.privateRun(SuiteRunner.java:415)
at org.testng.SuiteRunner.run(SuiteRunner.java:364)
at org.testng.SuiteRunnerWorker.runSuite(SuiteRunnerWorker.java:52)
at org.testng.SuiteRunnerWorker.run(SuiteRunnerWorker.java:84)
at org.testng.TestNG.runSuitesSequentially(TestNG.java:1208)
at org.testng.TestNG.runSuitesLocally(TestNG.java:1137)
at org.testng.TestNG.runSuites(TestNG.java:1049)
at org.testng.TestNG.run(TestNG.java:1017)
at org.apache.maven.surefire.testng.TestNGExecutor.run(TestNGExecutor.java:283)
at org.apache.maven.surefire.testng.TestNGXmlTestSuite.execute(TestNGXmlTestSuite.java:75)
at org.apache.maven.surefire.testng.TestNGProvider.invoke(TestNGProvider.java:120)
at org.apache.maven.surefire.booter.ForkedBooter.invokeProviderInSameClassLoader(ForkedBooter.java:384)
at org.apache.maven.surefire.booter.ForkedBooter.runSuitesInProcess(ForkedBooter.java:345)
at org.apache.maven.surefire.booter.ForkedBooter.execute(ForkedBooter.java:126)
at org.apache.maven.surefire.booter.ForkedBooter.main(ForkedBooter.java:418)
]]>
            </full-stacktrace>
          </exception> <!-- java.lang.AssertionError -->
          <reporter-output>
          </reporter-output>
        </test-method> <!-- verify_itemsWithInpriceRangeData -->
        <test-method is-config="true" signature="quitBrowserTest()[pri:0, instance:com.qa.qatask.testCASES.DashboardTest@646811d6]" started-at="2021-08-16T15:23:31Z" name="quitBrowserTest" finished-at="2021-08-16T15:23:34Z" duration-ms="3070" status="PASS">
          <reporter-output>
          </reporter-output>
        </test-method> <!-- quitBrowserTest -->
      </class> <!-- com.qa.qatask.testCASES.DashboardTest -->
    </test> <!-- QA Task Vinted -->
  </suite> <!-- Functional Test Suite (0) -->
  <suite started-at="2021-08-16T15:21:43Z" name="Functional Test Suite" finished-at="2021-08-16T15:22:36Z" duration-ms="53098">
    <groups>
    </groups>
    <test started-at="2021-08-16T15:21:43Z" name="QA Task Vinted" finished-at="2021-08-16T15:22:36Z" duration-ms="53098">
      <class name="com.qa.qatask.testCASES.DashboardTest">
        <test-method is-config="true" signature="setUp()[pri:0, instance:com.qa.qatask.testCASES.DashboardTest@31ee96f4]" started-at="2021-08-16T15:21:44Z" name="setUp" finished-at="2021-08-16T15:22:00Z" duration-ms="16135" status="PASS">
          <reporter-output>
          </reporter-output>
        </test-method> <!-- setUp -->
        <test-method signature="verify_closeportal()[pri:1, instance:com.qa.qatask.testCASES.DashboardTest@31ee96f4]" started-at="2021-08-16T15:22:00Z" name="verify_closeportal" description="close portal" finished-at="2021-08-16T15:22:00Z" duration-ms="433" status="PASS">
          <reporter-output>
          </reporter-output>
        </test-method> <!-- verify_closeportal -->
        <test-method signature="verify_Title()[pri:3, instance:com.qa.qatask.testCASES.DashboardTest@31ee96f4]" started-at="2021-08-16T15:22:00Z" name="verify_Title" description="verify title page test -- warm up test" finished-at="2021-08-16T15:22:00Z" duration-ms="23" status="PASS">
          <reporter-output>
          </reporter-output>
        </test-method> <!-- verify_Title -->
        <test-method signature="verify_acceptCookies()[pri:4, instance:com.qa.qatask.testCASES.DashboardTest@31ee96f4]" started-at="2021-08-16T15:22:00Z" name="verify_acceptCookies" description="verify accept cookies" finished-at="2021-08-16T15:22:01Z" duration-ms="590" status="PASS">
          <reporter-output>
          </reporter-output>
        </test-method> <!-- verify_acceptCookies -->
        <test-method signature="verify_search()[pri:5, instance:com.qa.qatask.testCASES.DashboardTest@31ee96f4]" started-at="2021-08-16T15:22:01Z" name="verify_search" description="verify search input field contains string &#039;Nik&#039;" finished-at="2021-08-16T15:22:01Z" duration-ms="521" status="PASS">
          <reporter-output>
          </reporter-output>
        </test-method> <!-- verify_search -->
        <test-method signature="verify_clickNike()[pri:6, instance:com.qa.qatask.testCASES.DashboardTest@31ee96f4]" started-at="2021-08-16T15:22:01Z" name="verify_clickNike" description="verify Nike text is clicked from options available list" finished-at="2021-08-16T15:22:06Z" duration-ms="4205" status="PASS">
          <reporter-output>
          </reporter-output>
        </test-method> <!-- verify_clickNike -->
        <test-method signature="verify_isNikeTextPresent()[pri:7, instance:com.qa.qatask.testCASES.DashboardTest@31ee96f4]" started-at="2021-08-16T15:22:06Z" name="verify_isNikeTextPresent" description="verify Text is present on page with Nike" finished-at="2021-08-16T15:22:07Z" duration-ms="939" status="PASS">
          <reporter-output>
          </reporter-output>
        </test-method> <!-- verify_isNikeTextPresent -->
        <test-method signature="verify_selectWomenShoes()[pri:8, instance:com.qa.qatask.testCASES.DashboardTest@31ee96f4]" started-at="2021-08-16T15:22:07Z" name="verify_selectWomenShoes" description="Assert that “Nike” filter appeared below the filter menu" finished-at="2021-08-16T15:22:13Z" duration-ms="6097" status="PASS">
          <reporter-output>
          </reporter-output>
        </test-method> <!-- verify_selectWomenShoes -->
        <test-method signature="verify_clearFilter()[pri:9, instance:com.qa.qatask.testCASES.DashboardTest@31ee96f4]" started-at="2021-08-16T15:22:13Z" name="verify_clearFilter" description="clear all filters" finished-at="2021-08-16T15:22:18Z" duration-ms="5414" status="PASS">
          <reporter-output>
          </reporter-output>
        </test-method> <!-- verify_clearFilter -->
        <test-method signature="verify_sortByPriceClick()[pri:10, instance:com.qa.qatask.testCASES.DashboardTest@31ee96f4]" started-at="2021-08-16T15:22:18Z" name="verify_sortByPriceClick" description="verify if radio button  from sort list is clicked on Low to High price" finished-at="2021-08-16T15:22:19Z" duration-ms="1298" status="PASS">
          <reporter-output>
          </reporter-output>
        </test-method> <!-- verify_sortByPriceClick -->
        <test-method signature="verify_isSortedByLowToHigh()[pri:11, instance:com.qa.qatask.testCASES.DashboardTest@31ee96f4]" started-at="2021-08-16T15:22:19Z" name="verify_isSortedByLowToHigh" description="verify if the prices are sorted by Low to high" finished-at="2021-08-16T15:22:25Z" duration-ms="5304" status="FAIL">
          <exception class="java.lang.AssertionError">
            <message>
              <![CDATA[Not in ascending order]]>
            </message>
            <full-stacktrace>
              <![CDATA[java.lang.AssertionError: Not in ascending order
at org.testng.Assert.fail(Assert.java:96)
at com.qa.qatask.pages.Dashboard.isSortedByLowToHigh(Dashboard.java:232)
at com.qa.qatask.testCASES.DashboardTest.verify_isSortedByLowToHigh(DashboardTest.java:126)
at java.base/jdk.internal.reflect.NativeMethodAccessorImpl.invoke0(Native Method)
at java.base/jdk.internal.reflect.NativeMethodAccessorImpl.invoke(NativeMethodAccessorImpl.java:78)
at java.base/jdk.internal.reflect.DelegatingMethodAccessorImpl.invoke(DelegatingMethodAccessorImpl.java:43)
at java.base/java.lang.reflect.Method.invoke(Method.java:567)
at org.testng.internal.MethodInvocationHelper.invokeMethod(MethodInvocationHelper.java:124)
at org.testng.internal.Invoker.invokeMethod(Invoker.java:583)
at org.testng.internal.Invoker.invokeTestMethod(Invoker.java:719)
at org.testng.internal.Invoker.invokeTestMethods(Invoker.java:989)
at org.testng.internal.TestMethodWorker.invokeTestMethods(TestMethodWorker.java:125)
at org.testng.internal.TestMethodWorker.run(TestMethodWorker.java:109)
at org.testng.TestRunner.privateRun(TestRunner.java:648)
at org.testng.TestRunner.run(TestRunner.java:505)
at org.testng.SuiteRunner.runTest(SuiteRunner.java:455)
at org.testng.SuiteRunner.runSequentially(SuiteRunner.java:450)
at org.testng.SuiteRunner.privateRun(SuiteRunner.java:415)
at org.testng.SuiteRunner.run(SuiteRunner.java:364)
at org.testng.SuiteRunnerWorker.runSuite(SuiteRunnerWorker.java:52)
at org.testng.SuiteRunnerWorker.run(SuiteRunnerWorker.java:84)
at org.testng.TestNG.runSuitesSequentially(TestNG.java:1208)
at org.testng.TestNG.runSuitesLocally(TestNG.java:1137)
at org.testng.TestNG.runSuites(TestNG.java:1049)
at org.testng.TestNG.run(TestNG.java:1017)
at org.apache.maven.surefire.testng.TestNGExecutor.run(TestNGExecutor.java:283)
at org.apache.maven.surefire.testng.TestNGXmlTestSuite.execute(TestNGXmlTestSuite.java:75)
at org.apache.maven.surefire.testng.TestNGProvider.invoke(TestNGProvider.java:120)
at org.apache.maven.surefire.booter.ForkedBooter.invokeProviderInSameClassLoader(ForkedBooter.java:384)
at org.apache.maven.surefire.booter.ForkedBooter.runSuitesInProcess(ForkedBooter.java:345)
at org.apache.maven.surefire.booter.ForkedBooter.execute(ForkedBooter.java:126)
at org.apache.maven.surefire.booter.ForkedBooter.main(ForkedBooter.java:418)
]]>
            </full-stacktrace>
          </exception> <!-- java.lang.AssertionError -->
          <reporter-output>
          </reporter-output>
        </test-method> <!-- verify_isSortedByLowToHigh -->
        <test-method signature="verify_clickPrice()[pri:12, instance:com.qa.qatask.testCASES.DashboardTest@31ee96f4]" started-at="2021-08-16T15:22:26Z" name="verify_clickPrice" description="verify click on price dropdown" finished-at="2021-08-16T15:22:26Z" duration-ms="316" status="PASS">
          <reporter-output>
          </reporter-output>
        </test-method> <!-- verify_clickPrice -->
        <test-method signature="verify_selectPriceRange()[pri:13, instance:com.qa.qatask.testCASES.DashboardTest@31ee96f4]" started-at="2021-08-16T15:22:26Z" name="verify_selectPriceRange" description="select price range two values from and to" finished-at="2021-08-16T15:22:26Z" duration-ms="186" status="PASS">
          <reporter-output>
          </reporter-output>
        </test-method> <!-- verify_selectPriceRange -->
        <test-method signature="verify_itemsWithInpriceRangeData()[pri:14, instance:com.qa.qatask.testCASES.DashboardTest@31ee96f4]" started-at="2021-08-16T15:22:26Z" name="verify_itemsWithInpriceRangeData" description="verify if items are with in defined price range" finished-at="2021-08-16T15:22:32Z" duration-ms="5715" status="FAIL">
          <exception class="java.lang.AssertionError">
            <message>
              <![CDATA[expected [true] but found [false]]]>
            </message>
            <full-stacktrace>
              <![CDATA[java.lang.AssertionError: expected [true] but found [false]
at org.testng.Assert.fail(Assert.java:96)
at org.testng.Assert.failNotEquals(Assert.java:776)
at org.testng.Assert.assertTrue(Assert.java:44)
at org.testng.Assert.assertTrue(Assert.java:54)
at com.qa.qatask.testCASES.DashboardTest.verify_itemsWithInpriceRangeData(DashboardTest.java:154)
at java.base/jdk.internal.reflect.NativeMethodAccessorImpl.invoke0(Native Method)
at java.base/jdk.internal.reflect.NativeMethodAccessorImpl.invoke(NativeMethodAccessorImpl.java:78)
at java.base/jdk.internal.reflect.DelegatingMethodAccessorImpl.invoke(DelegatingMethodAccessorImpl.java:43)
at java.base/java.lang.reflect.Method.invoke(Method.java:567)
at org.testng.internal.MethodInvocationHelper.invokeMethod(MethodInvocationHelper.java:124)
at org.testng.internal.Invoker.invokeMethod(Invoker.java:583)
at org.testng.internal.Invoker.invokeTestMethod(Invoker.java:719)
at org.testng.internal.Invoker.invokeTestMethods(Invoker.java:989)
at org.testng.internal.TestMethodWorker.invokeTestMethods(TestMethodWorker.java:125)
at org.testng.internal.TestMethodWorker.run(TestMethodWorker.java:109)
at org.testng.TestRunner.privateRun(TestRunner.java:648)
at org.testng.TestRunner.run(TestRunner.java:505)
at org.testng.SuiteRunner.runTest(SuiteRunner.java:455)
at org.testng.SuiteRunner.runSequentially(SuiteRunner.java:450)
at org.testng.SuiteRunner.privateRun(SuiteRunner.java:415)
at org.testng.SuiteRunner.run(SuiteRunner.java:364)
at org.testng.SuiteRunnerWorker.runSuite(SuiteRunnerWorker.java:52)
at org.testng.SuiteRunnerWorker.run(SuiteRunnerWorker.java:84)
at org.testng.TestNG.runSuitesSequentially(TestNG.java:1208)
at org.testng.TestNG.runSuitesLocally(TestNG.java:1137)
at org.testng.TestNG.runSuites(TestNG.java:1049)
at org.testng.TestNG.run(TestNG.java:1017)
at org.apache.maven.surefire.testng.TestNGExecutor.run(TestNGExecutor.java:283)
at org.apache.maven.surefire.testng.TestNGXmlTestSuite.execute(TestNGXmlTestSuite.java:75)
at org.apache.maven.surefire.testng.TestNGProvider.invoke(TestNGProvider.java:120)
at org.apache.maven.surefire.booter.ForkedBooter.invokeProviderInSameClassLoader(ForkedBooter.java:384)
at org.apache.maven.surefire.booter.ForkedBooter.runSuitesInProcess(ForkedBooter.java:345)
at org.apache.maven.surefire.booter.ForkedBooter.execute(ForkedBooter.java:126)
at org.apache.maven.surefire.booter.ForkedBooter.main(ForkedBooter.java:418)
]]>
            </full-stacktrace>
          </exception> <!-- java.lang.AssertionError -->
          <reporter-output>
          </reporter-output>
        </test-method> <!-- verify_itemsWithInpriceRangeData -->
        <test-method is-config="true" signature="quitBrowserTest()[pri:0, instance:com.qa.qatask.testCASES.DashboardTest@31ee96f4]" started-at="2021-08-16T15:22:32Z" name="quitBrowserTest" finished-at="2021-08-16T15:22:36Z" duration-ms="3482" status="PASS">
          <reporter-output>
          </reporter-output>
        </test-method> <!-- quitBrowserTest -->
      </class> <!-- com.qa.qatask.testCASES.DashboardTest -->
    </test> <!-- QA Task Vinted -->
  </suite> <!-- Functional Test Suite -->
</testng-results>
