<?xml version="1.0" encoding="UTF-8"?>
<testsuite xmlns:xsi="http://www.w3.org/2001/XMLSchema-instance" xsi:noNamespaceSchemaLocation="https://maven.apache.org/surefire/maven-surefire-plugin/xsd/surefire-test-report.xsd" name="TestSuite" time="103.631" tests="26" errors="0" skipped="0" failures="4">
  <properties>
    <property name="java.specification.version" value="16"/>
    <property name="sun.cpu.isalist" value="amd64"/>
    <property name="sun.jnu.encoding" value="Cp1252"/>
    <property name="java.class.path" value="C:\Users\Lubna Yaqoob\Downloads\QATask\target\test-classes;C:\Users\Lubna Yaqoob\Downloads\QATask\target\classes;C:\Users\Lubna Yaqoob\.m2\repository\org\seleniumhq\selenium\selenium-java\3.141.59\selenium-java-3.141.59.jar;C:\Users\Lubna Yaqoob\.m2\repository\org\seleniumhq\selenium\selenium-api\3.141.59\selenium-api-3.141.59.jar;C:\Users\Lubna Yaqoob\.m2\repository\org\seleniumhq\selenium\selenium-chrome-driver\3.141.59\selenium-chrome-driver-3.141.59.jar;C:\Users\Lubna Yaqoob\.m2\repository\org\seleniumhq\selenium\selenium-edge-driver\3.141.59\selenium-edge-driver-3.141.59.jar;C:\Users\Lubna Yaqoob\.m2\repository\org\seleniumhq\selenium\selenium-firefox-driver\3.141.59\selenium-firefox-driver-3.141.59.jar;C:\Users\Lubna Yaqoob\.m2\repository\org\seleniumhq\selenium\selenium-ie-driver\3.141.59\selenium-ie-driver-3.141.59.jar;C:\Users\Lubna Yaqoob\.m2\repository\org\seleniumhq\selenium\selenium-opera-driver\3.141.59\selenium-opera-driver-3.141.59.jar;C:\Users\Lubna Yaqoob\.m2\repository\org\seleniumhq\selenium\selenium-remote-driver\3.141.59\selenium-remote-driver-3.141.59.jar;C:\Users\Lubna Yaqoob\.m2\repository\org\seleniumhq\selenium\selenium-safari-driver\3.141.59\selenium-safari-driver-3.141.59.jar;C:\Users\Lubna Yaqoob\.m2\repository\org\seleniumhq\selenium\selenium-support\3.141.59\selenium-support-3.141.59.jar;C:\Users\Lubna Yaqoob\.m2\repository\net\bytebuddy\byte-buddy\1.8.15\byte-buddy-1.8.15.jar;C:\Users\Lubna Yaqoob\.m2\repository\org\apache\commons\commons-exec\1.3\commons-exec-1.3.jar;C:\Users\Lubna Yaqoob\.m2\repository\com\google\guava\guava\25.0-jre\guava-25.0-jre.jar;C:\Users\Lubna Yaqoob\.m2\repository\com\google\code\findbugs\jsr305\1.3.9\jsr305-1.3.9.jar;C:\Users\Lubna Yaqoob\.m2\repository\org\checkerframework\checker-compat-qual\2.0.0\checker-compat-qual-2.0.0.jar;C:\Users\Lubna Yaqoob\.m2\repository\com\google\errorprone\error_prone_annotations\2.1.3\error_prone_annotations-2.1.3.jar;C:\Users\Lubna Yaqoob\.m2\repository\com\google\j2objc\j2objc-annotations\1.1\j2objc-annotations-1.1.jar;C:\Users\Lubna Yaqoob\.m2\repository\org\codehaus\mojo\animal-sniffer-annotations\1.14\animal-sniffer-annotations-1.14.jar;C:\Users\Lubna Yaqoob\.m2\repository\com\squareup\okhttp3\okhttp\3.11.0\okhttp-3.11.0.jar;C:\Users\Lubna Yaqoob\.m2\repository\com\squareup\okio\okio\1.14.0\okio-1.14.0.jar;C:\Users\Lubna Yaqoob\.m2\repository\io\qameta\allure\allure-testng\2.14.0\allure-testng-2.14.0.jar;C:\Users\Lubna Yaqoob\.m2\repository\io\qameta\allure\allure-java-commons\2.14.0\allure-java-commons-2.14.0.jar;C:\Users\Lubna Yaqoob\.m2\repository\io\qameta\allure\allure-model\2.14.0\allure-model-2.14.0.jar;C:\Users\Lubna Yaqoob\.m2\repository\com\fasterxml\jackson\core\jackson-databind\2.12.3\jackson-databind-2.12.3.jar;C:\Users\Lubna Yaqoob\.m2\repository\com\fasterxml\jackson\core\jackson-annotations\2.12.3\jackson-annotations-2.12.3.jar;C:\Users\Lubna Yaqoob\.m2\repository\com\fasterxml\jackson\core\jackson-core\2.12.3\jackson-core-2.12.3.jar;C:\Users\Lubna Yaqoob\.m2\repository\org\apache\tika\tika-core\1.26\tika-core-1.26.jar;C:\Users\Lubna Yaqoob\.m2\repository\javax\xml\bind\jaxb-api\2.3.1\jaxb-api-2.3.1.jar;C:\Users\Lubna Yaqoob\.m2\repository\javax\activation\javax.activation-api\1.2.0\javax.activation-api-1.2.0.jar;C:\Users\Lubna Yaqoob\.m2\repository\javax\activation\activation\1.1.1\activation-1.1.1.jar;C:\Users\Lubna Yaqoob\.m2\repository\org\jooq\joor-java-8\0.9.14\joor-java-8-0.9.14.jar;C:\Users\Lubna Yaqoob\.m2\repository\io\qameta\allure\allure-test-filter\2.14.0\allure-test-filter-2.14.0.jar;C:\Users\Lubna Yaqoob\.m2\repository\io\github\bonigarcia\webdrivermanager\4.4.3\webdrivermanager-4.4.3.jar;C:\Users\Lubna Yaqoob\.m2\repository\org\slf4j\slf4j-api\1.7.30\slf4j-api-1.7.30.jar;C:\Users\Lubna Yaqoob\.m2\repository\commons-io\commons-io\2.8.0\commons-io-2.8.0.jar;C:\Users\Lubna Yaqoob\.m2\repository\com\google\code\gson\gson\2.8.6\gson-2.8.6.jar;C:\Users\Lubna Yaqoob\.m2\repository\org\apache\commons\commons-lang3\3.12.0\commons-lang3-3.12.0.jar;C:\Users\Lubna Yaqoob\.m2\repository\org\apache\httpcomponents\client5\httpclient5\5.0.3\httpclient5-5.0.3.jar;C:\Users\Lubna Yaqoob\.m2\repository\org\apache\httpcomponents\core5\httpcore5\5.0.2\httpcore5-5.0.2.jar;C:\Users\Lubna Yaqoob\.m2\repository\org\apache\httpcomponents\core5\httpcore5-h2\5.0.2\httpcore5-h2-5.0.2.jar;C:\Users\Lubna Yaqoob\.m2\repository\commons-codec\commons-codec\1.13\commons-codec-1.13.jar;C:\Users\Lubna Yaqoob\.m2\repository\org\rauschig\jarchivelib\1.1.0\jarchivelib-1.1.0.jar;C:\Users\Lubna Yaqoob\.m2\repository\org\apache\commons\commons-compress\1.20\commons-compress-1.20.jar;C:\Users\Lubna Yaqoob\.m2\repository\org\jsoup\jsoup\1.13.1\jsoup-1.13.1.jar;C:\Users\Lubna Yaqoob\.m2\repository\org\hamcrest\hamcrest\2.2\hamcrest-2.2.jar;C:\Users\Lubna Yaqoob\.m2\repository\org\assertj\assertj-core\3.19.0\assertj-core-3.19.0.jar;C:\Users\Lubna Yaqoob\.m2\repository\org\testng\testng\6.14.3\testng-6.14.3.jar;C:\Users\Lubna Yaqoob\.m2\repository\com\beust\jcommander\1.72\jcommander-1.72.jar;C:\Users\Lubna Yaqoob\.m2\repository\org\apache-extras\beanshell\bsh\2.0b6\bsh-2.0b6.jar;C:\Users\Lubna Yaqoob\.m2\repository\org\slf4j\slf4j-simple\1.7.30\slf4j-simple-1.7.30.jar;"/>
    <property name="java.vm.vendor" value="Oracle Corporation"/>
    <property name="sun.arch.data.model" value="64"/>
    <property name="user.variant" value=""/>
    <property name="java.vendor.url" value="https://java.oracle.com/"/>
    <property name="user.timezone" value="Europe/Berlin"/>
    <property name="os.name" value="Windows 10"/>
    <property name="java.vm.specification.version" value="16"/>
    <property name="sun.java.launcher" value="SUN_STANDARD"/>
    <property name="user.country" value="GB"/>
    <property name="sun.boot.library.path" value="C:\Program Files\Java\jdk-16.0.2\bin"/>
    <property name="sun.java.command" value="C:\Users\LUBNAY~1\AppData\Local\Temp\surefire5242092374503083270\surefirebooter6986967928063910302.jar C:\Users\Lubna Yaqoob\AppData\Local\Temp\surefire5242092374503083270 2021-08-16T17-05-39_282-jvmRun1 surefire3353646940443438127tmp surefire_01410740369414489776tmp"/>
    <property name="jdk.debug" value="release"/>
    <property name="surefire.test.class.path" value="C:\Users\Lubna Yaqoob\Downloads\QATask\target\test-classes;C:\Users\Lubna Yaqoob\Downloads\QATask\target\classes;C:\Users\Lubna Yaqoob\.m2\repository\org\seleniumhq\selenium\selenium-java\3.141.59\selenium-java-3.141.59.jar;C:\Users\Lubna Yaqoob\.m2\repository\org\seleniumhq\selenium\selenium-api\3.141.59\selenium-api-3.141.59.jar;C:\Users\Lubna Yaqoob\.m2\repository\org\seleniumhq\selenium\selenium-chrome-driver\3.141.59\selenium-chrome-driver-3.141.59.jar;C:\Users\Lubna Yaqoob\.m2\repository\org\seleniumhq\selenium\selenium-edge-driver\3.141.59\selenium-edge-driver-3.141.59.jar;C:\Users\Lubna Yaqoob\.m2\repository\org\seleniumhq\selenium\selenium-firefox-driver\3.141.59\selenium-firefox-driver-3.141.59.jar;C:\Users\Lubna Yaqoob\.m2\repository\org\seleniumhq\selenium\selenium-ie-driver\3.141.59\selenium-ie-driver-3.141.59.jar;C:\Users\Lubna Yaqoob\.m2\repository\org\seleniumhq\selenium\selenium-opera-driver\3.141.59\selenium-opera-driver-3.141.59.jar;C:\Users\Lubna Yaqoob\.m2\repository\org\seleniumhq\selenium\selenium-remote-driver\3.141.59\selenium-remote-driver-3.141.59.jar;C:\Users\Lubna Yaqoob\.m2\repository\org\seleniumhq\selenium\selenium-safari-driver\3.141.59\selenium-safari-driver-3.141.59.jar;C:\Users\Lubna Yaqoob\.m2\repository\org\seleniumhq\selenium\selenium-support\3.141.59\selenium-support-3.141.59.jar;C:\Users\Lubna Yaqoob\.m2\repository\net\bytebuddy\byte-buddy\1.8.15\byte-buddy-1.8.15.jar;C:\Users\Lubna Yaqoob\.m2\repository\org\apache\commons\commons-exec\1.3\commons-exec-1.3.jar;C:\Users\Lubna Yaqoob\.m2\repository\com\google\guava\guava\25.0-jre\guava-25.0-jre.jar;C:\Users\Lubna Yaqoob\.m2\repository\com\google\code\findbugs\jsr305\1.3.9\jsr305-1.3.9.jar;C:\Users\Lubna Yaqoob\.m2\repository\org\checkerframework\checker-compat-qual\2.0.0\checker-compat-qual-2.0.0.jar;C:\Users\Lubna Yaqoob\.m2\repository\com\google\errorprone\error_prone_annotations\2.1.3\error_prone_annotations-2.1.3.jar;C:\Users\Lubna Yaqoob\.m2\repository\com\google\j2objc\j2objc-annotations\1.1\j2objc-annotations-1.1.jar;C:\Users\Lubna Yaqoob\.m2\repository\org\codehaus\mojo\animal-sniffer-annotations\1.14\animal-sniffer-annotations-1.14.jar;C:\Users\Lubna Yaqoob\.m2\repository\com\squareup\okhttp3\okhttp\3.11.0\okhttp-3.11.0.jar;C:\Users\Lubna Yaqoob\.m2\repository\com\squareup\okio\okio\1.14.0\okio-1.14.0.jar;C:\Users\Lubna Yaqoob\.m2\repository\io\qameta\allure\allure-testng\2.14.0\allure-testng-2.14.0.jar;C:\Users\Lubna Yaqoob\.m2\repository\io\qameta\allure\allure-java-commons\2.14.0\allure-java-commons-2.14.0.jar;C:\Users\Lubna Yaqoob\.m2\repository\io\qameta\allure\allure-model\2.14.0\allure-model-2.14.0.jar;C:\Users\Lubna Yaqoob\.m2\repository\com\fasterxml\jackson\core\jackson-databind\2.12.3\jackson-databind-2.12.3.jar;C:\Users\Lubna Yaqoob\.m2\repository\com\fasterxml\jackson\core\jackson-annotations\2.12.3\jackson-annotations-2.12.3.jar;C:\Users\Lubna Yaqoob\.m2\repository\com\fasterxml\jackson\core\jackson-core\2.12.3\jackson-core-2.12.3.jar;C:\Users\Lubna Yaqoob\.m2\repository\org\apache\tika\tika-core\1.26\tika-core-1.26.jar;C:\Users\Lubna Yaqoob\.m2\repository\javax\xml\bind\jaxb-api\2.3.1\jaxb-api-2.3.1.jar;C:\Users\Lubna Yaqoob\.m2\repository\javax\activation\javax.activation-api\1.2.0\javax.activation-api-1.2.0.jar;C:\Users\Lubna Yaqoob\.m2\repository\javax\activation\activation\1.1.1\activation-1.1.1.jar;C:\Users\Lubna Yaqoob\.m2\repository\org\jooq\joor-java-8\0.9.14\joor-java-8-0.9.14.jar;C:\Users\Lubna Yaqoob\.m2\repository\io\qameta\allure\allure-test-filter\2.14.0\allure-test-filter-2.14.0.jar;C:\Users\Lubna Yaqoob\.m2\repository\io\github\bonigarcia\webdrivermanager\4.4.3\webdrivermanager-4.4.3.jar;C:\Users\Lubna Yaqoob\.m2\repository\org\slf4j\slf4j-api\1.7.30\slf4j-api-1.7.30.jar;C:\Users\Lubna Yaqoob\.m2\repository\commons-io\commons-io\2.8.0\commons-io-2.8.0.jar;C:\Users\Lubna Yaqoob\.m2\repository\com\google\code\gson\gson\2.8.6\gson-2.8.6.jar;C:\Users\Lubna Yaqoob\.m2\repository\org\apache\commons\commons-lang3\3.12.0\commons-lang3-3.12.0.jar;C:\Users\Lubna Yaqoob\.m2\repository\org\apache\httpcomponents\client5\httpclient5\5.0.3\httpclient5-5.0.3.jar;C:\Users\Lubna Yaqoob\.m2\repository\org\apache\httpcomponents\core5\httpcore5\5.0.2\httpcore5-5.0.2.jar;C:\Users\Lubna Yaqoob\.m2\repository\org\apache\httpcomponents\core5\httpcore5-h2\5.0.2\httpcore5-h2-5.0.2.jar;C:\Users\Lubna Yaqoob\.m2\repository\commons-codec\commons-codec\1.13\commons-codec-1.13.jar;C:\Users\Lubna Yaqoob\.m2\repository\org\rauschig\jarchivelib\1.1.0\jarchivelib-1.1.0.jar;C:\Users\Lubna Yaqoob\.m2\repository\org\apache\commons\commons-compress\1.20\commons-compress-1.20.jar;C:\Users\Lubna Yaqoob\.m2\repository\org\jsoup\jsoup\1.13.1\jsoup-1.13.1.jar;C:\Users\Lubna Yaqoob\.m2\repository\org\hamcrest\hamcrest\2.2\hamcrest-2.2.jar;C:\Users\Lubna Yaqoob\.m2\repository\org\assertj\assertj-core\3.19.0\assertj-core-3.19.0.jar;C:\Users\Lubna Yaqoob\.m2\repository\org\testng\testng\6.14.3\testng-6.14.3.jar;C:\Users\Lubna Yaqoob\.m2\repository\com\beust\jcommander\1.72\jcommander-1.72.jar;C:\Users\Lubna Yaqoob\.m2\repository\org\apache-extras\beanshell\bsh\2.0b6\bsh-2.0b6.jar;C:\Users\Lubna Yaqoob\.m2\repository\org\slf4j\slf4j-simple\1.7.30\slf4j-simple-1.7.30.jar;"/>
    <property name="allure.results.directory" value="C:\Users\Lubna Yaqoob\Downloads\QATask\target/allure-results"/>
    <property name="sun.cpu.endian" value="little"/>
    <property name="user.home" value="C:\Users\Lubna Yaqoob"/>
    <property name="user.language" value="en"/>
    <property name="java.specification.vendor" value="Oracle Corporation"/>
    <property name="java.version.date" value="2021-07-20"/>
    <property name="java.home" value="C:\Program Files\Java\jdk-16.0.2"/>
    <property name="file.separator" value="\"/>
    <property name="basedir" value="C:\Users\Lubna Yaqoob\Downloads\QATask"/>
    <property name="java.vm.compressedOopsMode" value="32-bit"/>
    <property name="line.separator" value="&#10;"/>
    <property name="java.vm.specification.vendor" value="Oracle Corporation"/>
    <property name="java.specification.name" value="Java Platform API Specification"/>
    <property name="surefire.real.class.path" value="C:\Users\LUBNAY~1\AppData\Local\Temp\surefire5242092374503083270\surefirebooter6986967928063910302.jar"/>
    <property name="user.script" value=""/>
    <property name="sun.management.compiler" value="HotSpot 64-Bit Tiered Compilers"/>
    <property name="java.runtime.version" value="16.0.2+7-67"/>
    <property name="user.name" value="Lubna Yaqoob"/>
    <property name="path.separator" value=";"/>
    <property name="os.version" value="10.0"/>
    <property name="java.runtime.name" value="Java(TM) SE Runtime Environment"/>
    <property name="file.encoding" value="Cp1252"/>
    <property name="java.vm.name" value="Java HotSpot(TM) 64-Bit Server VM"/>
    <property name="localRepository" value="C:\Users\Lubna Yaqoob\.m2\repository"/>
    <property name="java.vendor.url.bug" value="https://bugreport.java.com/bugreport/"/>
    <property name="java.io.tmpdir" value="C:\Users\LUBNAY~1\AppData\Local\Temp\"/>
    <property name="idea.version" value="2021.2"/>
    <property name="java.version" value="16.0.2"/>
    <property name="user.dir" value="C:\Users\Lubna Yaqoob\Downloads\QATask"/>
    <property name="os.arch" value="amd64"/>
    <property name="java.vm.specification.name" value="Java Virtual Machine Specification"/>
    <property name="sun.os.patch.level" value=""/>
    <property name="java.library.path" value="C:\Program Files\Java\jdk-16.0.2\bin;C:\WINDOWS\Sun\Java\bin;C:\WINDOWS\system32;C:\WINDOWS;C:\Program Files\Common Files\Oracle\Java\javapath;C:\Program Files (x86)\Common Files\Oracle\Java\javapath;C:\WINDOWS\system32;C:\WINDOWS;C:\WINDOWS\System32\Wbem;C:\WINDOWS\System32\WindowsPowerShell\v1.0\;C:\WINDOWS\System32\OpenSSH\;C:\Users\Lubna Yaqoob\AppData\Roaming\nvm;C:\Program Files\nodejs;C:\Program Files\PuTTY\;;C:\Program Files\Git\cmd;C:\Users\Lubna Yaqoob\scoop\shims;C:\GNAT\2021\bin;C:\Users\Lubna Yaqoob\AppData\Local\Programs\Python\Python39\Scripts\;C:\Users\Lubna Yaqoob\AppData\Local\Programs\Python\Python39\;C:\Python27\Scripts;C:\Users\Lubna Yaqoob\AppData\Roaming\npm;C:\Users\Lubna Yaqoob\AppData\Local\Programs\Microsoft VS Code\bin;C:\GtkAda\bin;C:\Users\Lubna Yaqoob\AppData\Roaming\nvm;C:\Program Files\nodejs;."/>
    <property name="java.vm.info" value="mixed mode, sharing"/>
    <property name="java.vendor" value="Oracle Corporation"/>
    <property name="java.vm.version" value="16.0.2+7-67"/>
    <property name="sun.io.unicode.encoding" value="UnicodeLittle"/>
    <property name="java.class.version" value="60.0"/>
  </properties>
  <testcase name="verify_closeportal" classname="com.qa.qatask.testCASES.DashboardTest" time="0.761"/>
  <testcase name="verify_closeportal" classname="com.qa.qatask.testCASES.DashboardTest" time="0.823"/>
  <testcase name="verify_Title" classname="com.qa.qatask.testCASES.DashboardTest" time="0.009"/>
  <testcase name="verify_Title" classname="com.qa.qatask.testCASES.DashboardTest" time="0.007"/>
  <testcase name="verify_acceptCookies" classname="com.qa.qatask.testCASES.DashboardTest" time="0.574"/>
  <testcase name="verify_acceptCookies" classname="com.qa.qatask.testCASES.DashboardTest" time="0.588"/>
  <testcase name="verify_search" classname="com.qa.qatask.testCASES.DashboardTest" time="0.145"/>
  <testcase name="verify_search" classname="com.qa.qatask.testCASES.DashboardTest" time="0.168"/>
  <testcase name="verify_clickNike" classname="com.qa.qatask.testCASES.DashboardTest" time="4.155"/>
  <testcase name="verify_clickNike" classname="com.qa.qatask.testCASES.DashboardTest" time="4.101"/>
  <testcase name="verify_isNikeTextPresent" classname="com.qa.qatask.testCASES.DashboardTest" time="1.254"/>
  <testcase name="verify_isNikeTextPresent" classname="com.qa.qatask.testCASES.DashboardTest" time="0.691"/>
  <testcase name="verify_selectWomenShoes" classname="com.qa.qatask.testCASES.DashboardTest" time="7.002"/>
  <testcase name="verify_selectWomenShoes" classname="com.qa.qatask.testCASES.DashboardTest" time="9.342"/>
  <testcase name="verify_clearFilter" classname="com.qa.qatask.testCASES.DashboardTest" time="5.726"/>
  <testcase name="verify_clearFilter" classname="com.qa.qatask.testCASES.DashboardTest" time="5.474"/>
  <testcase name="verify_sortByPriceClick" classname="com.qa.qatask.testCASES.DashboardTest" time="1.484"/>
  <testcase name="verify_sortByPriceClick" classname="com.qa.qatask.testCASES.DashboardTest" time="1.353"/>
  <testcase name="verify_isSortedByLowToHigh" classname="com.qa.qatask.testCASES.DashboardTest" time="5.664">
    <failure message="Not in ascending order" type="java.lang.AssertionError">java.lang.AssertionError: Not in ascending order
	at com.qa.qatask.testCASES.DashboardTest.verify_isSortedByLowToHigh(DashboardTest.java:118)
</failure>
    <system-out><![CDATA[I am in onTestSuccess method verify_sortByPriceClick succeed
I am in onTestStart method verify_isSortedByLowToHigh start
I am in onTestStart method verify_isSortedByLowToHigh start
value ---price low to high--1000.00
value ---price low to high--1000.00
value ---price low to high--1000.00
value ---price low to high--1000.00
value ---price low to high--1000.00
value ---price low to high--1000.00
value ---price low to high--1000.00
value ---price low to high--1000.00
value ---price low to high--1.00
value ---price low to high--7.50
value ---price low to high--3.00
value ---price low to high--7.50
value ---price low to high--2.00
value ---price low to high--1000.00
value ---price low to high--1000.00
value ---price low to high--1000.00
value ---price low to high--1000.00
value ---price low to high--1000.00
value ---price low to high--1000.00
value ---price low to high--1000.00
value ---price low to high--1000.00
value ---price low to high--1000.00
value ---price low to high--1000.00
value ---price low to high--1000.00
value ---price low to high--1000.00
value ---price low to high--1000.00
value ---price low to high--1000.00
I am in onTestFailure method verify_isSortedByLowToHigh failed
Screenshot captured for test case:verify_isSortedByLowToHigh
]]></system-out>
  </testcase>
  <testcase name="verify_isSortedByLowToHigh" classname="com.qa.qatask.testCASES.DashboardTest" time="5.431">
    <failure message="Not in ascending order" type="java.lang.AssertionError">java.lang.AssertionError: Not in ascending order
	at com.qa.qatask.testCASES.DashboardTest.verify_isSortedByLowToHigh(DashboardTest.java:118)
</failure>
    <system-out><![CDATA[I am in onTestSuccess method verify_sortByPriceClick succeed
I am in onTestStart method verify_isSortedByLowToHigh start
I am in onTestStart method verify_isSortedByLowToHigh start
value ---price low to high--1000.00
value ---price low to high--1000.00
value ---price low to high--1000.00
value ---price low to high--1000.00
value ---price low to high--1000.00
value ---price low to high--1000.00
value ---price low to high--1000.00
value ---price low to high--1000.00
value ---price low to high--10.00
value ---price low to high--25.00
value ---price low to high--10.00
value ---price low to high--3.00
value ---price low to high--2.00
value ---price low to high--1000.00
value ---price low to high--1000.00
value ---price low to high--1000.00
value ---price low to high--1000.00
value ---price low to high--1000.00
value ---price low to high--1000.00
value ---price low to high--1000.00
value ---price low to high--1000.00
value ---price low to high--1000.00
value ---price low to high--1000.00
value ---price low to high--1000.00
value ---price low to high--1000.00
value ---price low to high--1000.00
value ---price low to high--1000.00
I am in onTestFailure method verify_isSortedByLowToHigh failed
Screenshot captured for test case:verify_isSortedByLowToHigh
]]></system-out>
  </testcase>
  <testcase name="verify_clickPrice" classname="com.qa.qatask.testCASES.DashboardTest" time="0.303"/>
  <testcase name="verify_clickPrice" classname="com.qa.qatask.testCASES.DashboardTest" time="0.266"/>
  <testcase name="verify_selectPriceRange" classname="com.qa.qatask.testCASES.DashboardTest" time="0.229"/>
  <testcase name="verify_selectPriceRange" classname="com.qa.qatask.testCASES.DashboardTest" time="0.158"/>
  <testcase name="verify_itemsWithInpriceRangeData" classname="com.qa.qatask.testCASES.DashboardTest" time="5.713">
    <failure message="expected [true] but found [false]" type="java.lang.AssertionError">java.lang.AssertionError: expected [true] but found [false]
	at com.qa.qatask.testCASES.DashboardTest.verify_itemsWithInpriceRangeData(DashboardTest.java:140)
</failure>
    <system-out><![CDATA[I am in onTestSuccess method verify_selectPriceRange succeed
I am in onTestStart method verify_itemsWithInpriceRangeData start
I am in onTestStart method verify_itemsWithInpriceRangeData start
value ---price range--10.00
value ---price range--10.00
value ---price range--10.00
value ---price range--10.00
value ---price range--10.00
value ---price range--10.00
value ---price range--10.00
value ---price range--10.00
value ---price range--5.00
value ---price range--4.00
value ---price range--4.00
value ---price range--3.00
value ---price range--8.00
value ---price range--10.00
value ---price range--10.00
value ---price range--10.00
value ---price range--10.00
value ---price range--10.00
value ---price range--10.00
value ---price range--10.00
value ---price range--10.00
value ---price range--10.00
value ---price range--10.00
value ---price range--10.00
value ---price range--10.00
value ---price range--10.00
value ---price range--10.00
value ---price range--10.00
value ---price range--10.00
verifyIfResultTrue ----false
I am in onTestFailure method verify_itemsWithInpriceRangeData failed
Screenshot captured for test case:verify_itemsWithInpriceRangeData
]]></system-out>
  </testcase>
  <testcase name="verify_itemsWithInpriceRangeData" classname="com.qa.qatask.testCASES.DashboardTest" time="5.71">
    <failure message="expected [true] but found [false]" type="java.lang.AssertionError">java.lang.AssertionError: expected [true] but found [false]
	at com.qa.qatask.testCASES.DashboardTest.verify_itemsWithInpriceRangeData(DashboardTest.java:140)
</failure>
    <system-out><![CDATA[I am in onTestSuccess method verify_selectPriceRange succeed
I am in onTestStart method verify_itemsWithInpriceRangeData start
I am in onTestStart method verify_itemsWithInpriceRangeData start
value ---price range--10.00
value ---price range--10.00
value ---price range--10.00
value ---price range--10.00
value ---price range--10.00
value ---price range--10.00
value ---price range--10.00
value ---price range--10.00
value ---price range--6.50
value ---price range--6.50
value ---price range--15.00
value ---price range--5.50
value ---price range--5.50
value ---price range--10.00
value ---price range--10.00
value ---price range--10.00
value ---price range--10.00
value ---price range--10.00
value ---price range--10.00
value ---price range--10.00
value ---price range--10.00
value ---price range--10.00
value ---price range--10.00
value ---price range--10.00
value ---price range--10.00
value ---price range--10.00
value ---price range--10.00
value ---price range--10.00
value ---price range--10.00
verifyIfResultTrue ----false
I am in onTestFailure method verify_itemsWithInpriceRangeData failed
Screenshot captured for test case:verify_itemsWithInpriceRangeData
]]></system-out>
  </testcase>
</testsuite>