<html>
<head>
<title>TestNG:  QA Task Vinted</title>
<link href="../testng.css" rel="stylesheet" type="text/css" />
<link href="../my-testng.css" rel="stylesheet" type="text/css" />

<style type="text/css">
.log { display: none;} 
.stack-trace { display: none;} 
</style>
<script type="text/javascript">
<!--
function flip(e) {
  current = e.style.display;
  if (current == 'block') {
    e.style.display = 'none';
    return 0;
  }
  else {
    e.style.display = 'block';
    return 1;
  }
}

function toggleBox(szDivId, elem, msg1, msg2)
{
  var res = -1;  if (document.getElementById) {
    res = flip(document.getElementById(szDivId));
  }
  else if (document.all) {
    // this is the way old msie versions work
    res = flip(document.all[szDivId]);
  }
  if(elem) {
    if(res == 0) elem.innerHTML = msg1; else elem.innerHTML = msg2;
  }

}

function toggleAllBoxes() {
  if (document.getElementsByTagName) {
    d = document.getElementsByTagName('div');
    for (i = 0; i < d.length; i++) {
      if (d[i].className == 'log') {
        flip(d[i]);
      }
    }
  }
}

// -->
</script>

</head>
<body>
<h2 align='center'>QA Task Vinted</h2><table border='1' align="center">
<tr>
<td>Tests passed/Failed/Skipped:</td><td>11/1/0</td>
</tr><tr>
<td>Started on:</td><td>Mon Aug 16 13:03:19 CEST 2021</td>
</tr>
<tr><td>Total time:</td><td>35 seconds (35007 ms)</td>
</tr><tr>
<td>Included groups:</td><td></td>
</tr><tr>
<td>Excluded groups:</td><td></td>
</tr>
</table><p/>
<small><i>(Hover the method name to see the test class name)</i></small><p/>
<table width='100%' border='1' class='invocation-failed'>
<tr><td colspan='4' align='center'><b>FAILED TESTS</b></td></tr>
<tr><td><b>Test method</b></td>
<td width="30%"><b>Exception</b></td>
<td width="10%"><b>Time (seconds)</b></td>
<td><b>Instance</b></td>
</tr>
<tr>
<td title='com.qa.qatask.testCASES.DashboardTest.verify_itemsWithInpriceRangeData()'><b>verify_itemsWithInpriceRangeData</b><br>Test class: com.qa.qatask.testCASES.DashboardTest<br>Test method: select price range</td>
<td><div><pre>java.lang.AssertionError: expected [true] but found [false]
	at org.testng.Assert.fail(Assert.java:99)
	at org.testng.Assert.failNotEquals(Assert.java:1037)
	at org.testng.Assert.assertTrue(Assert.java:45)
	at org.testng.Assert.assertTrue(Assert.java:55)
	at com.qa.qatask.testCASES.DashboardTest.verify_itemsWithInpriceRangeData(DashboardTest.java:130)
	at java.base/jdk.internal.reflect.NativeMethodAccessorImpl.invoke0(Native Method)
	at java.base/jdk.internal.reflect.NativeMethodAccessorImpl.invoke(NativeMethodAccessorImpl.java:78)
	at java.base/jdk.internal.reflect.DelegatingMethodAccessorImpl.invoke(DelegatingMethodAccessorImpl.java:43)
	at java.base/java.lang.reflect.Method.invoke(Method.java:567)
	at org.testng.internal.MethodInvocationHelper.invokeMethod(MethodInvocationHelper.java:133)
	at org.testng.internal.TestInvoker.invokeMethod(TestInvoker.java:598)
	at org.testng.internal.TestInvoker.invokeTestMethod(TestInvoker.java:173)
	at org.testng.internal.MethodRunner.runInSequence(MethodRunner.java:46)
	at org.testng.internal.TestInvoker$MethodInvocationAgent.invoke(TestInvoker.java:824)
	at org.testng.internal.TestInvoker.invokeTestMethods(TestInvoker.java:146)
	at org.testng.internal.TestMethodWorker.invokeTestMethods(TestMethodWorker.java:146)
	at org.testng.internal.TestMethodWorker.run(TestMethodWorker.java:128)
	at java.base/java.util.ArrayList.forEach(ArrayList.java:1511)
	at org.testng.TestRunner.privateRun(TestRunner.java:794)
	at org.testng.TestRunner.run(TestRunner.java:596)
	at org.testng.SuiteRunner.runTest(SuiteRunner.java:377)
	at org.testng.SuiteRunner.runSequentially(SuiteRunner.java:371)
	at org.testng.SuiteRunner.privateRun(SuiteRunner.java:332)
	at org.testng.SuiteRunner.run(SuiteRunner.java:276)
	at org.testng.SuiteRunnerWorker.runSuite(SuiteRunnerWorker.java:53)
	at org.testng.SuiteRunnerWorker.run(SuiteRunnerWorker.java:96)
	at org.testng.TestNG.runSuitesSequentially(TestNG.java:1212)
	at org.testng.TestNG.runSuitesLocally(TestNG.java:1134)
	at org.testng.TestNG.runSuites(TestNG.java:1063)
	at org.testng.TestNG.run(TestNG.java:1031)
	at org.apache.maven.surefire.testng.TestNGExecutor.run(TestNGExecutor.java:283)
	at org.apache.maven.surefire.testng.TestNGXmlTestSuite.execute(TestNGXmlTestSuite.java:75)
	at org.apache.maven.surefire.testng.TestNGProvider.invoke(TestNGProvider.java:120)
	at org.apache.maven.surefire.booter.ForkedBooter.invokeProviderInSameClassLoader(ForkedBooter.java:384)
	at org.apache.maven.surefire.booter.ForkedBooter.runSuitesInProcess(ForkedBooter.java:345)
	at org.apache.maven.surefire.booter.ForkedBooter.execute(ForkedBooter.java:126)
	at org.apache.maven.surefire.booter.ForkedBooter.main(ForkedBooter.java:418)
</pre></div><a href='#' onClick='toggleBox("stack-trace277549599", this, "Click to show all stack frames", "Click to hide stack frames")'>Click to show all stack frames</a>
<div class='stack-trace' id='stack-trace277549599'><pre>java.lang.AssertionError: expected [true] but found [false]
	at org.testng.Assert.fail(Assert.java:99)
	at org.testng.Assert.failNotEquals(Assert.java:1037)
	at org.testng.Assert.assertTrue(Assert.java:45)
	at org.testng.Assert.assertTrue(Assert.java:55)
	at com.qa.qatask.testCASES.DashboardTest.verify_itemsWithInpriceRangeData(DashboardTest.java:130)
	at java.base/jdk.internal.reflect.NativeMethodAccessorImpl.invoke0(Native Method)
	at java.base/jdk.internal.reflect.NativeMethodAccessorImpl.invoke(NativeMethodAccessorImpl.java:78)
	at java.base/jdk.internal.reflect.DelegatingMethodAccessorImpl.invoke(DelegatingMethodAccessorImpl.java:43)
	at java.base/java.lang.reflect.Method.invoke(Method.java:567)
	at org.testng.internal.MethodInvocationHelper.invokeMethod(MethodInvocationHelper.java:133)
	at org.testng.internal.TestInvoker.invokeMethod(TestInvoker.java:598)
	at org.testng.internal.TestInvoker.invokeTestMethod(TestInvoker.java:173)
	at org.testng.internal.MethodRunner.runInSequence(MethodRunner.java:46)
	at org.testng.internal.TestInvoker$MethodInvocationAgent.invoke(TestInvoker.java:824)
	at org.testng.internal.TestInvoker.invokeTestMethods(TestInvoker.java:146)
	at org.testng.internal.TestMethodWorker.invokeTestMethods(TestMethodWorker.java:146)
	at org.testng.internal.TestMethodWorker.run(TestMethodWorker.java:128)
	at java.base/java.util.ArrayList.forEach(ArrayList.java:1511)
	at org.testng.TestRunner.privateRun(TestRunner.java:794)
	at org.testng.TestRunner.run(TestRunner.java:596)
	at org.testng.SuiteRunner.runTest(SuiteRunner.java:377)
	at org.testng.SuiteRunner.runSequentially(SuiteRunner.java:371)
	at org.testng.SuiteRunner.privateRun(SuiteRunner.java:332)
	at org.testng.SuiteRunner.run(SuiteRunner.java:276)
	at org.testng.SuiteRunnerWorker.runSuite(SuiteRunnerWorker.java:53)
	at org.testng.SuiteRunnerWorker.run(SuiteRunnerWorker.java:96)
	at org.testng.TestNG.runSuitesSequentially(TestNG.java:1212)
	at org.testng.TestNG.runSuitesLocally(TestNG.java:1134)
	at org.testng.TestNG.runSuites(TestNG.java:1063)
	at org.testng.TestNG.run(TestNG.java:1031)
	at org.apache.maven.surefire.testng.TestNGExecutor.run(TestNGExecutor.java:283)
	at org.apache.maven.surefire.testng.TestNGXmlTestSuite.execute(TestNGXmlTestSuite.java:75)
	at org.apache.maven.surefire.testng.TestNGProvider.invoke(TestNGProvider.java:120)
	at org.apache.maven.surefire.booter.ForkedBooter.invokeProviderInSameClassLoader(ForkedBooter.java:384)
	at org.apache.maven.surefire.booter.ForkedBooter.runSuitesInProcess(ForkedBooter.java:345)
	at org.apache.maven.surefire.booter.ForkedBooter.execute(ForkedBooter.java:126)
	at org.apache.maven.surefire.booter.ForkedBooter.main(ForkedBooter.java:418)
</pre></div></td>
<td>5</td>
<td>com.qa.qatask.testCASES.DashboardTest@23eee4b8</td></tr>
</table><p>
<table width='100%' border='1' class='invocation-passed'>
<tr><td colspan='4' align='center'><b>PASSED TESTS</b></td></tr>
<tr><td><b>Test method</b></td>
<td width="30%"><b>Exception</b></td>
<td width="10%"><b>Time (seconds)</b></td>
<td><b>Instance</b></td>
</tr>
<tr>
<td title='com.qa.qatask.testCASES.DashboardTest.verify_isNikeTextPresent()'><b>verify_isNikeTextPresent</b><br>Test class: com.qa.qatask.testCASES.DashboardTest<br>Test method: verify Text is present on page with Nike</td>
<td></td>
<td>0</td>
<td>com.qa.qatask.testCASES.DashboardTest@23eee4b8</td></tr>
<tr>
<td title='com.qa.qatask.testCASES.DashboardTest.verify_clickNike()'><b>verify_clickNike</b><br>Test class: com.qa.qatask.testCASES.DashboardTest<br>Test method: verify Nike text is clicked from options available list</td>
<td></td>
<td>2</td>
<td>com.qa.qatask.testCASES.DashboardTest@23eee4b8</td></tr>
<tr>
<td title='com.qa.qatask.testCASES.DashboardTest.verify_sortByPriceClick()'><b>verify_sortByPriceClick</b><br>Test class: com.qa.qatask.testCASES.DashboardTest<br>Test method: clear all filters</td>
<td></td>
<td>0</td>
<td>com.qa.qatask.testCASES.DashboardTest@23eee4b8</td></tr>
<tr>
<td title='com.qa.qatask.testCASES.DashboardTest.verify_selectWomenShoes()'><b>verify_selectWomenShoes</b><br>Test class: com.qa.qatask.testCASES.DashboardTest<br>Test method: Assert that “Nike” filter appeared below the filter menu</td>
<td></td>
<td>3</td>
<td>com.qa.qatask.testCASES.DashboardTest@23eee4b8</td></tr>
<tr>
<td title='com.qa.qatask.testCASES.DashboardTest.verify_closeportal()'><b>verify_closeportal</b><br>Test class: com.qa.qatask.testCASES.DashboardTest<br>Test method: close portal</td>
<td></td>
<td>0</td>
<td>com.qa.qatask.testCASES.DashboardTest@23eee4b8</td></tr>
<tr>
<td title='com.qa.qatask.testCASES.DashboardTest.verify_selectPriceRange()'><b>verify_selectPriceRange</b><br>Test class: com.qa.qatask.testCASES.DashboardTest<br>Test method: select price range</td>
<td></td>
<td>0</td>
<td>com.qa.qatask.testCASES.DashboardTest@23eee4b8</td></tr>
<tr>
<td title='com.qa.qatask.testCASES.DashboardTest.verify_search()'><b>verify_search</b><br>Test class: com.qa.qatask.testCASES.DashboardTest<br>Test method: verify search input field contains string 'Nik'</td>
<td></td>
<td>0</td>
<td>com.qa.qatask.testCASES.DashboardTest@23eee4b8</td></tr>
<tr>
<td title='com.qa.qatask.testCASES.DashboardTest.verify_clearFilter()'><b>verify_clearFilter</b><br>Test class: com.qa.qatask.testCASES.DashboardTest<br>Test method: clear all filters</td>
<td></td>
<td>5</td>
<td>com.qa.qatask.testCASES.DashboardTest@23eee4b8</td></tr>
<tr>
<td title='com.qa.qatask.testCASES.DashboardTest.verify_Title()'><b>verify_Title</b><br>Test class: com.qa.qatask.testCASES.DashboardTest<br>Test method: verify title page test -- warm up test</td>
<td></td>
<td>0</td>
<td>com.qa.qatask.testCASES.DashboardTest@23eee4b8</td></tr>
<tr>
<td title='com.qa.qatask.testCASES.DashboardTest.verify_clickPrice()'><b>verify_clickPrice</b><br>Test class: com.qa.qatask.testCASES.DashboardTest<br>Test method: click on price dropdown</td>
<td></td>
<td>0</td>
<td>com.qa.qatask.testCASES.DashboardTest@23eee4b8</td></tr>
<tr>
<td title='com.qa.qatask.testCASES.DashboardTest.verify_acceptCookies()'><b>verify_acceptCookies</b><br>Test class: com.qa.qatask.testCASES.DashboardTest<br>Test method: verify accept cookies</td>
<td></td>
<td>0</td>
<td>com.qa.qatask.testCASES.DashboardTest@23eee4b8</td></tr>
</table><p>
</body>
</html>